<?xml version="1.0" encoding="UTF-8"?>
<coverage generated="1536212577322" clover="3.2.0">
  <project timestamp="1536212577322" name="All files">
    <metrics statements="140" coveredstatements="100" conditionals="305" coveredconditionals="159" methods="72" coveredmethods="40" elements="517" coveredelements="299" complexity="0" loc="140" ncloc="140" packages="5" files="8" classes="8">
      <package name="src">
        <metrics statements="20" coveredstatements="18" conditionals="61" coveredconditionals="31" methods="6" coveredmethods="6"/>
        <file name="app.controller.ts" path="C:\Users\santiago\Documents\Semestre 8\Praxis-Homework\src\app.controller.ts">
          <metrics statements="12" coveredstatements="11" conditionals="39" coveredconditionals="24" methods="4" coveredmethods="4"/>
          <line num="1" count="1" type="cond" truecount="2" falsecount="1"/>
          <line num="2" count="2" type="cond" truecount="3" falsecount="1"/>
          <line num="3" count="2" type="cond" truecount="3" falsecount="1"/>
          <line num="4" count="0" type="cond" truecount="0" falsecount="8"/>
          <line num="5" count="2" type="cond" truecount="3" falsecount="0"/>
          <line num="7" count="1" type="cond" truecount="2" falsecount="1"/>
          <line num="8" count="4" type="cond" truecount="3" falsecount="1"/>
          <line num="13" count="1" type="stmt"/>
          <line num="15" count="1" type="stmt"/>
          <line num="18" count="1" type="stmt"/>
          <line num="21" count="1" type="stmt"/>
          <line num="27" count="1" type="stmt"/>
        </file>
        <file name="app.service.ts" path="C:\Users\santiago\Documents\Semestre 8\Praxis-Homework\src\app.service.ts">
          <metrics statements="8" coveredstatements="7" conditionals="22" coveredconditionals="7" methods="2" coveredmethods="2"/>
          <line num="1" count="1" type="cond" truecount="2" falsecount="1"/>
          <line num="2" count="1" type="cond" truecount="1" falsecount="3"/>
          <line num="3" count="1" type="cond" truecount="3" falsecount="1"/>
          <line num="4" count="0" type="cond" truecount="0" falsecount="8"/>
          <line num="5" count="1" type="cond" truecount="1" falsecount="2"/>
          <line num="8" count="1" type="stmt"/>
          <line num="10" count="1" type="stmt"/>
          <line num="13" count="1" type="stmt"/>
        </file>
      </package>
      <package name="src.notes">
        <metrics statements="51" coveredstatements="33" conditionals="93" coveredconditionals="50" methods="31" coveredmethods="15"/>
        <file name="notes.controller.ts" path="C:\Users\santiago\Documents\Semestre 8\Praxis-Homework\src\notes\notes.controller.ts">
          <metrics statements="22" coveredstatements="21" conditionals="47" coveredconditionals="30" methods="10" coveredmethods="10"/>
          <line num="1" count="1" type="cond" truecount="2" falsecount="1"/>
          <line num="2" count="6" type="cond" truecount="3" falsecount="1"/>
          <line num="3" count="6" type="cond" truecount="3" falsecount="1"/>
          <line num="4" count="0" type="cond" truecount="0" falsecount="8"/>
          <line num="5" count="6" type="cond" truecount="3" falsecount="0"/>
          <line num="7" count="1" type="cond" truecount="2" falsecount="1"/>
          <line num="8" count="16" type="cond" truecount="3" falsecount="1"/>
          <line num="10" count="1" type="cond" truecount="2" falsecount="1"/>
          <line num="11" count="5" type="stmt"/>
          <line num="18" count="1" type="stmt"/>
          <line num="20" count="2" type="stmt"/>
          <line num="23" count="1" type="stmt"/>
          <line num="26" count="1" type="stmt"/>
          <line num="29" count="1" type="stmt"/>
          <line num="32" count="1" type="stmt"/>
          <line num="35" count="1" type="stmt"/>
          <line num="38" count="1" type="stmt"/>
          <line num="47" count="1" type="stmt"/>
          <line num="55" count="1" type="stmt"/>
          <line num="65" count="1" type="stmt"/>
          <line num="75" count="1" type="stmt"/>
          <line num="85" count="1" type="stmt"/>
        </file>
        <file name="notes.service.ts" path="C:\Users\santiago\Documents\Semestre 8\Praxis-Homework\src\notes\notes.service.ts">
          <metrics statements="29" coveredstatements="12" conditionals="46" coveredconditionals="20" methods="21" coveredmethods="5"/>
          <line num="1" count="2" type="cond" truecount="2" falsecount="1"/>
          <line num="2" count="2" type="cond" truecount="1" falsecount="3"/>
          <line num="3" count="2" type="cond" truecount="3" falsecount="1"/>
          <line num="4" count="0" type="cond" truecount="0" falsecount="8"/>
          <line num="5" count="2" type="cond" truecount="1" falsecount="2"/>
          <line num="7" count="2" type="cond" truecount="2" falsecount="1"/>
          <line num="8" count="2" type="cond" truecount="3" falsecount="1"/>
          <line num="10" count="2" type="cond" truecount="2" falsecount="1"/>
          <line num="11" count="2" type="stmt"/>
          <line num="13" count="2" type="cond" truecount="2" falsecount="1"/>
          <line num="14" count="0" type="cond" truecount="0" falsecount="2"/>
          <line num="15" count="0" type="stmt"/>
          <line num="16" count="0" type="stmt"/>
          <line num="17" count="0" type="cond" truecount="0" falsecount="2"/>
          <line num="18" count="0" type="cond" truecount="0" falsecount="2"/>
          <line num="25" count="2" type="stmt"/>
          <line num="27" count="4" type="stmt"/>
          <line num="30" count="0" type="stmt"/>
          <line num="31" count="0" type="stmt"/>
          <line num="32" count="0" type="stmt"/>
          <line num="36" count="0" type="stmt"/>
          <line num="37" count="0" type="stmt"/>
          <line num="41" count="0" type="stmt"/>
          <line num="42" count="0" type="stmt"/>
          <line num="46" count="0" type="stmt"/>
          <line num="47" count="0" type="stmt"/>
          <line num="51" count="0" type="stmt"/>
          <line num="52" count="0" type="stmt"/>
          <line num="56" count="2" type="stmt"/>
        </file>
      </package>
      <package name="src.notes.dto">
        <metrics statements="9" coveredstatements="8" conditionals="29" coveredconditionals="14" methods="2" coveredmethods="2"/>
        <file name="create-note.dto.ts" path="C:\Users\santiago\Documents\Semestre 8\Praxis-Homework\src\notes\dto\create-note.dto.ts">
          <metrics statements="9" coveredstatements="8" conditionals="29" coveredconditionals="14" methods="2" coveredmethods="2"/>
          <line num="1" count="2" type="cond" truecount="2" falsecount="1"/>
          <line num="2" count="4" type="cond" truecount="2" falsecount="2"/>
          <line num="3" count="4" type="cond" truecount="3" falsecount="1"/>
          <line num="4" count="0" type="cond" truecount="0" falsecount="8"/>
          <line num="5" count="4" type="cond" truecount="2" falsecount="1"/>
          <line num="7" count="2" type="cond" truecount="2" falsecount="1"/>
          <line num="8" count="4" type="cond" truecount="3" falsecount="1"/>
          <line num="13" count="2" type="stmt"/>
          <line num="17" count="2" type="stmt"/>
        </file>
      </package>
      <package name="src.users">
        <metrics statements="51" coveredstatements="33" conditionals="93" coveredconditionals="50" methods="31" coveredmethods="15"/>
        <file name="users.controller.ts" path="C:\Users\santiago\Documents\Semestre 8\Praxis-Homework\src\users\users.controller.ts">
          <metrics statements="22" coveredstatements="21" conditionals="47" coveredconditionals="30" methods="10" coveredmethods="10"/>
          <line num="1" count="1" type="cond" truecount="2" falsecount="1"/>
          <line num="2" count="6" type="cond" truecount="3" falsecount="1"/>
          <line num="3" count="6" type="cond" truecount="3" falsecount="1"/>
          <line num="4" count="0" type="cond" truecount="0" falsecount="8"/>
          <line num="5" count="6" type="cond" truecount="3" falsecount="0"/>
          <line num="7" count="1" type="cond" truecount="2" falsecount="1"/>
          <line num="8" count="16" type="cond" truecount="3" falsecount="1"/>
          <line num="10" count="1" type="cond" truecount="2" falsecount="1"/>
          <line num="11" count="5" type="stmt"/>
          <line num="18" count="1" type="stmt"/>
          <line num="20" count="2" type="stmt"/>
          <line num="23" count="1" type="stmt"/>
          <line num="26" count="1" type="stmt"/>
          <line num="29" count="1" type="stmt"/>
          <line num="32" count="1" type="stmt"/>
          <line num="35" count="1" type="stmt"/>
          <line num="38" count="1" type="stmt"/>
          <line num="47" count="1" type="stmt"/>
          <line num="55" count="1" type="stmt"/>
          <line num="65" count="1" type="stmt"/>
          <line num="75" count="1" type="stmt"/>
          <line num="85" count="1" type="stmt"/>
        </file>
        <file name="users.service.ts" path="C:\Users\santiago\Documents\Semestre 8\Praxis-Homework\src\users\users.service.ts">
          <metrics statements="29" coveredstatements="12" conditionals="46" coveredconditionals="20" methods="21" coveredmethods="5"/>
          <line num="1" count="2" type="cond" truecount="2" falsecount="1"/>
          <line num="2" count="2" type="cond" truecount="1" falsecount="3"/>
          <line num="3" count="2" type="cond" truecount="3" falsecount="1"/>
          <line num="4" count="0" type="cond" truecount="0" falsecount="8"/>
          <line num="5" count="2" type="cond" truecount="1" falsecount="2"/>
          <line num="7" count="2" type="cond" truecount="2" falsecount="1"/>
          <line num="8" count="2" type="cond" truecount="3" falsecount="1"/>
          <line num="10" count="2" type="cond" truecount="2" falsecount="1"/>
          <line num="11" count="2" type="stmt"/>
          <line num="13" count="2" type="cond" truecount="2" falsecount="1"/>
          <line num="14" count="0" type="cond" truecount="0" falsecount="2"/>
          <line num="15" count="0" type="stmt"/>
          <line num="16" count="0" type="stmt"/>
          <line num="17" count="0" type="cond" truecount="0" falsecount="2"/>
          <line num="18" count="0" type="cond" truecount="0" falsecount="2"/>
          <line num="25" count="2" type="stmt"/>
          <line num="27" count="4" type="stmt"/>
          <line num="30" count="0" type="stmt"/>
          <line num="31" count="0" type="stmt"/>
          <line num="32" count="0" type="stmt"/>
          <line num="36" count="0" type="stmt"/>
          <line num="37" count="0" type="stmt"/>
          <line num="41" count="0" type="stmt"/>
          <line num="42" count="0" type="stmt"/>
          <line num="46" count="0" type="stmt"/>
          <line num="47" count="0" type="stmt"/>
          <line num="51" count="0" type="stmt"/>
          <line num="52" count="0" type="stmt"/>
          <line num="56" count="2" type="stmt"/>
        </file>
      </package>
      <package name="src.users.dto">
        <metrics statements="9" coveredstatements="8" conditionals="29" coveredconditionals="14" methods="2" coveredmethods="2"/>
        <file name="create-user.dto.ts" path="C:\Users\santiago\Documents\Semestre 8\Praxis-Homework\src\users\dto\create-user.dto.ts">
          <metrics statements="9" coveredstatements="8" conditionals="29" coveredconditionals="14" methods="2" coveredmethods="2"/>
          <line num="1" count="2" type="cond" truecount="2" falsecount="1"/>
          <line num="2" count="4" type="cond" truecount="2" falsecount="2"/>
          <line num="3" count="4" type="cond" truecount="3" falsecount="1"/>
          <line num="4" count="0" type="cond" truecount="0" falsecount="8"/>
          <line num="5" count="4" type="cond" truecount="2" falsecount="1"/>
          <line num="7" count="2" type="cond" truecount="2" falsecount="1"/>
          <line num="8" count="4" type="cond" truecount="3" falsecount="1"/>
          <line num="13" count="2" type="stmt"/>
          <line num="17" count="2" type="stmt"/>
        </file>
      </package>
    </metrics>
  </project>
</coverage>
