{"C:\\Users\\santiago\\Documents\\Semestre 8\\Praxis-Homework\\src\\app.controller.ts": {"path":"C:\\Users\\santiago\\Documents\\Semestre 8\\Praxis-Homework\\src\\app.controller.ts","statementMap":{"0":{"start":{"line":1,"column":17},"end":{"line":6,"column":1}},"1":{"start":{"line":2,"column":12},"end":{"line":2,"column":28}},"2":{"start":{"line":2,"column":34},"end":{"line":2,"column":125}},"3":{"start":{"line":3,"column":4},"end":{"line":4,"column":150}},"4":{"start":{"line":3,"column":79},"end":{"line":3,"column":131}},"5":{"start":{"line":4,"column":9},"end":{"line":4,"column":150}},"6":{"start":{"line":4,"column":58},"end":{"line":4,"column":150}},"7":{"start":{"line":4,"column":81},"end":{"line":4,"column":150}},"8":{"start":{"line":5,"column":4},"end":{"line":5,"column":66}},"9":{"start":{"line":7,"column":17},"end":{"line":9,"column":1}},"10":{"start":{"line":8,"column":4},"end":{"line":8,"column":109}},"11":{"start":{"line":8,"column":79},"end":{"line":8,"column":109}},"12":{"start":{"line":13,"column":20},"end":{"line":20,"column":1}},"13":{"start":{"line":15,"column":8},"end":{"line":15,"column":37}},"14":{"start":{"line":18,"column":8},"end":{"line":18,"column":38}},"15":{"start":{"line":21,"column":0},"end":{"line":26,"column":42}},"16":{"start":{"line":27,"column":0},"end":{"line":30,"column":18}}},"fnMap":{"0":{"name":"(anonymous_0)","decl":{"start":{"line":1,"column":46},"end":{"line":1,"column":47}},"loc":{"start":{"line":1,"column":87},"end":{"line":6,"column":1}},"line":1},"1":{"name":"(anonymous_1)","decl":{"start":{"line":7,"column":46},"end":{"line":7,"column":47}},"loc":{"start":{"line":7,"column":62},"end":{"line":9,"column":1}},"line":7},"2":{"name":"(anonymous_2)","decl":{"start":{"line":14,"column":4},"end":{"line":14,"column":5}},"loc":{"start":{"line":14,"column":28},"end":{"line":16,"column":5}},"line":14},"3":{"name":"(anonymous_3)","decl":{"start":{"line":17,"column":4},"end":{"line":17,"column":5}},"loc":{"start":{"line":17,"column":11},"end":{"line":19,"column":5}},"line":17}},"branchMap":{"0":{"loc":{"start":{"line":1,"column":17},"end":{"line":6,"column":1}},"type":"binary-expr","locations":[{"start":{"line":1,"column":18},"end":{"line":1,"column":22}},{"start":{"line":1,"column":26},"end":{"line":1,"column":41}},{"start":{"line":1,"column":46},"end":{"line":6,"column":1}}],"line":1},"1":{"loc":{"start":{"line":2,"column":34},"end":{"line":2,"column":125}},"type":"cond-expr","locations":[{"start":{"line":2,"column":42},"end":{"line":2,"column":48}},{"start":{"line":2,"column":51},"end":{"line":2,"column":125}}],"line":2},"2":{"loc":{"start":{"line":2,"column":51},"end":{"line":2,"column":125}},"type":"cond-expr","locations":[{"start":{"line":2,"column":67},"end":{"line":2,"column":118}},{"start":{"line":2,"column":121},"end":{"line":2,"column":125}}],"line":2},"3":{"loc":{"start":{"line":3,"column":4},"end":{"line":4,"column":150}},"type":"if","locations":[{"start":{"line":3,"column":4},"end":{"line":4,"column":150}},{"start":{"line":3,"column":4},"end":{"line":4,"column":150}}],"line":3},"4":{"loc":{"start":{"line":3,"column":8},"end":{"line":3,"column":77}},"type":"binary-expr","locations":[{"start":{"line":3,"column":8},"end":{"line":3,"column":35}},{"start":{"line":3,"column":39},"end":{"line":3,"column":77}}],"line":3},"5":{"loc":{"start":{"line":4,"column":58},"end":{"line":4,"column":150}},"type":"if","locations":[{"start":{"line":4,"column":58},"end":{"line":4,"column":150}},{"start":{"line":4,"column":58},"end":{"line":4,"column":150}}],"line":4},"6":{"loc":{"start":{"line":4,"column":85},"end":{"line":4,"column":149}},"type":"binary-expr","locations":[{"start":{"line":4,"column":86},"end":{"line":4,"column":143}},{"start":{"line":4,"column":148},"end":{"line":4,"column":149}}],"line":4},"7":{"loc":{"start":{"line":4,"column":86},"end":{"line":4,"column":143}},"type":"cond-expr","locations":[{"start":{"line":4,"column":94},"end":{"line":4,"column":98}},{"start":{"line":4,"column":101},"end":{"line":4,"column":143}}],"line":4},"8":{"loc":{"start":{"line":4,"column":101},"end":{"line":4,"column":143}},"type":"cond-expr","locations":[{"start":{"line":4,"column":109},"end":{"line":4,"column":126}},{"start":{"line":4,"column":129},"end":{"line":4,"column":143}}],"line":4},"9":{"loc":{"start":{"line":5,"column":11},"end":{"line":5,"column":62}},"type":"binary-expr","locations":[{"start":{"line":5,"column":11},"end":{"line":5,"column":16}},{"start":{"line":5,"column":20},"end":{"line":5,"column":21}},{"start":{"line":5,"column":25},"end":{"line":5,"column":62}}],"line":5},"10":{"loc":{"start":{"line":7,"column":17},"end":{"line":9,"column":1}},"type":"binary-expr","locations":[{"start":{"line":7,"column":18},"end":{"line":7,"column":22}},{"start":{"line":7,"column":26},"end":{"line":7,"column":41}},{"start":{"line":7,"column":46},"end":{"line":9,"column":1}}],"line":7},"11":{"loc":{"start":{"line":8,"column":4},"end":{"line":8,"column":109}},"type":"if","locations":[{"start":{"line":8,"column":4},"end":{"line":8,"column":109}},{"start":{"line":8,"column":4},"end":{"line":8,"column":109}}],"line":8},"12":{"loc":{"start":{"line":8,"column":8},"end":{"line":8,"column":77}},"type":"binary-expr","locations":[{"start":{"line":8,"column":8},"end":{"line":8,"column":35}},{"start":{"line":8,"column":39},"end":{"line":8,"column":77}}],"line":8},"13":{"loc":{"start":{"line":25,"column":36},"end":{"line":25,"column":120}},"type":"binary-expr","locations":[{"start":{"line":25,"column":36},"end":{"line":25,"column":104}},{"start":{"line":25,"column":108},"end":{"line":25,"column":110}},{"start":{"line":25,"column":114},"end":{"line":25,"column":120}}],"line":25},"14":{"loc":{"start":{"line":25,"column":49},"end":{"line":25,"column":88}},"type":"binary-expr","locations":[{"start":{"line":25,"column":49},"end":{"line":25,"column":78}},{"start":{"line":25,"column":82},"end":{"line":25,"column":88}}],"line":25},"15":{"loc":{"start":{"line":29,"column":37},"end":{"line":29,"column":129}},"type":"binary-expr","locations":[{"start":{"line":29,"column":37},"end":{"line":29,"column":113}},{"start":{"line":29,"column":117},"end":{"line":29,"column":119}},{"start":{"line":29,"column":123},"end":{"line":29,"column":129}}],"line":29},"16":{"loc":{"start":{"line":29,"column":50},"end":{"line":29,"column":97}},"type":"binary-expr","locations":[{"start":{"line":29,"column":50},"end":{"line":29,"column":83}},{"start":{"line":29,"column":87},"end":{"line":29,"column":97}}],"line":29}},"s":{"0":1,"1":2,"2":2,"3":2,"4":2,"5":0,"6":0,"7":0,"8":2,"9":1,"10":4,"11":4,"12":1,"13":1,"14":1,"15":1,"16":1},"f":{"0":2,"1":4,"2":1,"3":1},"b":{"0":[1,0,1],"1":[1,1],"2":[1,0],"3":[2,0],"4":[2,2],"5":[0,0],"6":[0,0],"7":[0,0],"8":[0,0],"9":[2,1,1],"10":[1,0,1],"11":[4,0],"12":[4,4],"13":[1,1,0],"14":[1,1],"15":[1,1,0],"16":[1,1]},"inputSourceMap":{"version":3,"file":"app.controller.js","sourceRoot":"","sources":["app.controller.ts"],"names":[],"mappings":";;;;;;;;;;AAAA,OAAO,EAAE,GAAG,EAAE,UAAU,EAAE,MAAM,gBAAgB,CAAC;AACjD,OAAO,EAAE,UAAU,EAAE,MAAM,eAAe,CAAC;AAG3C,IAAa,aAAa,GAA1B;IACE,YAA6B,UAAsB;QAAtB,eAAU,GAAV,UAAU,CAAY;IAAG,CAAC;IAGvD,IAAI;QACF,OAAO,IAAI,CAAC,UAAU,CAAC,IAAI,EAAE,CAAC;IAChC,CAAC;CACF,CAAA;AAHC;IADC,GAAG,CAAC,EAAE,CAAC;;;wDACA,MAAM,oBAAN,MAAM;yCAEb;AANU,aAAa;IADzB,UAAU,EAAE;yDAE8B,UAAU,oBAAV,UAAU;GADxC,aAAa,CAOzB;SAPY,aAAa","sourcesContent":["import { Get, Controller } from '@nestjs/common';\r\nimport { AppService } from './app.service';\r\n\r\n@Controller()\r\nexport class AppController {\r\n  constructor(private readonly appService: AppService) {}\r\n\r\n  @Get('')\r\n  root(): Object {\r\n    return this.appService.root();\r\n  }\r\n}\r\n"]},"_coverageSchema":"332fd63041d2c1bcb487cc26dd0d5f7d97098a6c","hash":"fc9537b1e197c6e9ccc396ad49c934665fbed971"}
,"C:\\Users\\santiago\\Documents\\Semestre 8\\Praxis-Homework\\src\\app.service.ts": {"path":"C:\\Users\\santiago\\Documents\\Semestre 8\\Praxis-Homework\\src\\app.service.ts","statementMap":{"0":{"start":{"line":1,"column":17},"end":{"line":6,"column":1}},"1":{"start":{"line":2,"column":12},"end":{"line":2,"column":28}},"2":{"start":{"line":2,"column":34},"end":{"line":2,"column":125}},"3":{"start":{"line":3,"column":4},"end":{"line":4,"column":150}},"4":{"start":{"line":3,"column":79},"end":{"line":3,"column":131}},"5":{"start":{"line":4,"column":9},"end":{"line":4,"column":150}},"6":{"start":{"line":4,"column":58},"end":{"line":4,"column":150}},"7":{"start":{"line":4,"column":81},"end":{"line":4,"column":150}},"8":{"start":{"line":5,"column":4},"end":{"line":5,"column":66}},"9":{"start":{"line":8,"column":17},"end":{"line":12,"column":1}},"10":{"start":{"line":10,"column":8},"end":{"line":10,"column":37}},"11":{"start":{"line":13,"column":0},"end":{"line":15,"column":15}}},"fnMap":{"0":{"name":"(anonymous_0)","decl":{"start":{"line":1,"column":46},"end":{"line":1,"column":47}},"loc":{"start":{"line":1,"column":87},"end":{"line":6,"column":1}},"line":1},"1":{"name":"(anonymous_1)","decl":{"start":{"line":9,"column":4},"end":{"line":9,"column":5}},"loc":{"start":{"line":9,"column":11},"end":{"line":11,"column":5}},"line":9}},"branchMap":{"0":{"loc":{"start":{"line":1,"column":17},"end":{"line":6,"column":1}},"type":"binary-expr","locations":[{"start":{"line":1,"column":18},"end":{"line":1,"column":22}},{"start":{"line":1,"column":26},"end":{"line":1,"column":41}},{"start":{"line":1,"column":46},"end":{"line":6,"column":1}}],"line":1},"1":{"loc":{"start":{"line":2,"column":34},"end":{"line":2,"column":125}},"type":"cond-expr","locations":[{"start":{"line":2,"column":42},"end":{"line":2,"column":48}},{"start":{"line":2,"column":51},"end":{"line":2,"column":125}}],"line":2},"2":{"loc":{"start":{"line":2,"column":51},"end":{"line":2,"column":125}},"type":"cond-expr","locations":[{"start":{"line":2,"column":67},"end":{"line":2,"column":118}},{"start":{"line":2,"column":121},"end":{"line":2,"column":125}}],"line":2},"3":{"loc":{"start":{"line":3,"column":4},"end":{"line":4,"column":150}},"type":"if","locations":[{"start":{"line":3,"column":4},"end":{"line":4,"column":150}},{"start":{"line":3,"column":4},"end":{"line":4,"column":150}}],"line":3},"4":{"loc":{"start":{"line":3,"column":8},"end":{"line":3,"column":77}},"type":"binary-expr","locations":[{"start":{"line":3,"column":8},"end":{"line":3,"column":35}},{"start":{"line":3,"column":39},"end":{"line":3,"column":77}}],"line":3},"5":{"loc":{"start":{"line":4,"column":58},"end":{"line":4,"column":150}},"type":"if","locations":[{"start":{"line":4,"column":58},"end":{"line":4,"column":150}},{"start":{"line":4,"column":58},"end":{"line":4,"column":150}}],"line":4},"6":{"loc":{"start":{"line":4,"column":85},"end":{"line":4,"column":149}},"type":"binary-expr","locations":[{"start":{"line":4,"column":86},"end":{"line":4,"column":143}},{"start":{"line":4,"column":148},"end":{"line":4,"column":149}}],"line":4},"7":{"loc":{"start":{"line":4,"column":86},"end":{"line":4,"column":143}},"type":"cond-expr","locations":[{"start":{"line":4,"column":94},"end":{"line":4,"column":98}},{"start":{"line":4,"column":101},"end":{"line":4,"column":143}}],"line":4},"8":{"loc":{"start":{"line":4,"column":101},"end":{"line":4,"column":143}},"type":"cond-expr","locations":[{"start":{"line":4,"column":109},"end":{"line":4,"column":126}},{"start":{"line":4,"column":129},"end":{"line":4,"column":143}}],"line":4},"9":{"loc":{"start":{"line":5,"column":11},"end":{"line":5,"column":62}},"type":"binary-expr","locations":[{"start":{"line":5,"column":11},"end":{"line":5,"column":16}},{"start":{"line":5,"column":20},"end":{"line":5,"column":21}},{"start":{"line":5,"column":25},"end":{"line":5,"column":62}}],"line":5}},"s":{"0":1,"1":1,"2":1,"3":1,"4":1,"5":0,"6":0,"7":0,"8":1,"9":1,"10":1,"11":1},"f":{"0":1,"1":1},"b":{"0":[1,0,1],"1":[1,0],"2":[0,0],"3":[1,0],"4":[1,1],"5":[0,0],"6":[0,0],"7":[0,0],"8":[0,0],"9":[1,0,0]},"inputSourceMap":{"version":3,"file":"app.service.js","sourceRoot":"","sources":["app.service.ts"],"names":[],"mappings":";;;;;;AAAA,OAAO,EAAE,UAAU,EAAE,MAAM,gBAAgB,CAAC;AAG5C,IAAa,UAAU,GAAvB;IACE,IAAI;QACF,OAAO,EAAE,OAAO,EAAE,QAAQ,EAAE,CAAE;IAChC,CAAC;CACF,CAAA;AAJY,UAAU;IADtB,UAAU,EAAE;GACA,UAAU,CAItB;SAJY,UAAU","sourcesContent":["import { Injectable } from '@nestjs/common';\r\n\r\n@Injectable()\r\nexport class AppService {\r\n  root(): Object {\r\n    return { message: \"I'm ok\" } ;\r\n  }\r\n}\r\n"]},"_coverageSchema":"332fd63041d2c1bcb487cc26dd0d5f7d97098a6c","hash":"eacb1ff89b2f4532cde77d4ebdd39dab72fd8a1f"}
,"C:\\Users\\santiago\\Documents\\Semestre 8\\Praxis-Homework\\src\\notes\\notes.controller.ts": {"path":"C:\\Users\\santiago\\Documents\\Semestre 8\\Praxis-Homework\\src\\notes\\notes.controller.ts","statementMap":{"0":{"start":{"line":1,"column":17},"end":{"line":6,"column":1}},"1":{"start":{"line":2,"column":12},"end":{"line":2,"column":28}},"2":{"start":{"line":2,"column":34},"end":{"line":2,"column":125}},"3":{"start":{"line":3,"column":4},"end":{"line":4,"column":150}},"4":{"start":{"line":3,"column":79},"end":{"line":3,"column":131}},"5":{"start":{"line":4,"column":9},"end":{"line":4,"column":150}},"6":{"start":{"line":4,"column":58},"end":{"line":4,"column":150}},"7":{"start":{"line":4,"column":81},"end":{"line":4,"column":150}},"8":{"start":{"line":5,"column":4},"end":{"line":5,"column":66}},"9":{"start":{"line":7,"column":17},"end":{"line":9,"column":1}},"10":{"start":{"line":8,"column":4},"end":{"line":8,"column":109}},"11":{"start":{"line":8,"column":79},"end":{"line":8,"column":109}},"12":{"start":{"line":10,"column":14},"end":{"line":12,"column":1}},"13":{"start":{"line":11,"column":4},"end":{"line":11,"column":73}},"14":{"start":{"line":11,"column":36},"end":{"line":11,"column":71}},"15":{"start":{"line":18,"column":22},"end":{"line":37,"column":1}},"16":{"start":{"line":20,"column":8},"end":{"line":20,"column":41}},"17":{"start":{"line":23,"column":8},"end":{"line":23,"column":55}},"18":{"start":{"line":26,"column":8},"end":{"line":26,"column":43}},"19":{"start":{"line":29,"column":8},"end":{"line":29,"column":42}},"20":{"start":{"line":32,"column":8},"end":{"line":32,"column":44}},"21":{"start":{"line":35,"column":8},"end":{"line":35,"column":57}},"22":{"start":{"line":38,"column":0},"end":{"line":46,"column":46}},"23":{"start":{"line":47,"column":0},"end":{"line":54,"column":47}},"24":{"start":{"line":55,"column":0},"end":{"line":64,"column":44}},"25":{"start":{"line":65,"column":0},"end":{"line":74,"column":46}},"26":{"start":{"line":75,"column":0},"end":{"line":84,"column":46}},"27":{"start":{"line":85,"column":0},"end":{"line":88,"column":20}}},"fnMap":{"0":{"name":"(anonymous_0)","decl":{"start":{"line":1,"column":46},"end":{"line":1,"column":47}},"loc":{"start":{"line":1,"column":87},"end":{"line":6,"column":1}},"line":1},"1":{"name":"(anonymous_1)","decl":{"start":{"line":7,"column":46},"end":{"line":7,"column":47}},"loc":{"start":{"line":7,"column":62},"end":{"line":9,"column":1}},"line":7},"2":{"name":"(anonymous_2)","decl":{"start":{"line":10,"column":40},"end":{"line":10,"column":41}},"loc":{"start":{"line":10,"column":73},"end":{"line":12,"column":1}},"line":10},"3":{"name":"(anonymous_3)","decl":{"start":{"line":11,"column":11},"end":{"line":11,"column":12}},"loc":{"start":{"line":11,"column":34},"end":{"line":11,"column":73}},"line":11},"4":{"name":"(anonymous_4)","decl":{"start":{"line":19,"column":4},"end":{"line":19,"column":5}},"loc":{"start":{"line":19,"column":30},"end":{"line":21,"column":5}},"line":19},"5":{"name":"(anonymous_5)","decl":{"start":{"line":22,"column":4},"end":{"line":22,"column":5}},"loc":{"start":{"line":22,"column":26},"end":{"line":24,"column":5}},"line":22},"6":{"name":"(anonymous_6)","decl":{"start":{"line":25,"column":4},"end":{"line":25,"column":5}},"loc":{"start":{"line":25,"column":14},"end":{"line":27,"column":5}},"line":25},"7":{"name":"(anonymous_7)","decl":{"start":{"line":28,"column":4},"end":{"line":28,"column":5}},"loc":{"start":{"line":28,"column":13},"end":{"line":30,"column":5}},"line":28},"8":{"name":"(anonymous_8)","decl":{"start":{"line":31,"column":4},"end":{"line":31,"column":5}},"loc":{"start":{"line":31,"column":15},"end":{"line":33,"column":5}},"line":31},"9":{"name":"(anonymous_9)","decl":{"start":{"line":34,"column":4},"end":{"line":34,"column":5}},"loc":{"start":{"line":34,"column":28},"end":{"line":36,"column":5}},"line":34}},"branchMap":{"0":{"loc":{"start":{"line":1,"column":17},"end":{"line":6,"column":1}},"type":"binary-expr","locations":[{"start":{"line":1,"column":18},"end":{"line":1,"column":22}},{"start":{"line":1,"column":26},"end":{"line":1,"column":41}},{"start":{"line":1,"column":46},"end":{"line":6,"column":1}}],"line":1},"1":{"loc":{"start":{"line":2,"column":34},"end":{"line":2,"column":125}},"type":"cond-expr","locations":[{"start":{"line":2,"column":42},"end":{"line":2,"column":48}},{"start":{"line":2,"column":51},"end":{"line":2,"column":125}}],"line":2},"2":{"loc":{"start":{"line":2,"column":51},"end":{"line":2,"column":125}},"type":"cond-expr","locations":[{"start":{"line":2,"column":67},"end":{"line":2,"column":118}},{"start":{"line":2,"column":121},"end":{"line":2,"column":125}}],"line":2},"3":{"loc":{"start":{"line":3,"column":4},"end":{"line":4,"column":150}},"type":"if","locations":[{"start":{"line":3,"column":4},"end":{"line":4,"column":150}},{"start":{"line":3,"column":4},"end":{"line":4,"column":150}}],"line":3},"4":{"loc":{"start":{"line":3,"column":8},"end":{"line":3,"column":77}},"type":"binary-expr","locations":[{"start":{"line":3,"column":8},"end":{"line":3,"column":35}},{"start":{"line":3,"column":39},"end":{"line":3,"column":77}}],"line":3},"5":{"loc":{"start":{"line":4,"column":58},"end":{"line":4,"column":150}},"type":"if","locations":[{"start":{"line":4,"column":58},"end":{"line":4,"column":150}},{"start":{"line":4,"column":58},"end":{"line":4,"column":150}}],"line":4},"6":{"loc":{"start":{"line":4,"column":85},"end":{"line":4,"column":149}},"type":"binary-expr","locations":[{"start":{"line":4,"column":86},"end":{"line":4,"column":143}},{"start":{"line":4,"column":148},"end":{"line":4,"column":149}}],"line":4},"7":{"loc":{"start":{"line":4,"column":86},"end":{"line":4,"column":143}},"type":"cond-expr","locations":[{"start":{"line":4,"column":94},"end":{"line":4,"column":98}},{"start":{"line":4,"column":101},"end":{"line":4,"column":143}}],"line":4},"8":{"loc":{"start":{"line":4,"column":101},"end":{"line":4,"column":143}},"type":"cond-expr","locations":[{"start":{"line":4,"column":109},"end":{"line":4,"column":126}},{"start":{"line":4,"column":129},"end":{"line":4,"column":143}}],"line":4},"9":{"loc":{"start":{"line":5,"column":11},"end":{"line":5,"column":62}},"type":"binary-expr","locations":[{"start":{"line":5,"column":11},"end":{"line":5,"column":16}},{"start":{"line":5,"column":20},"end":{"line":5,"column":21}},{"start":{"line":5,"column":25},"end":{"line":5,"column":62}}],"line":5},"10":{"loc":{"start":{"line":7,"column":17},"end":{"line":9,"column":1}},"type":"binary-expr","locations":[{"start":{"line":7,"column":18},"end":{"line":7,"column":22}},{"start":{"line":7,"column":26},"end":{"line":7,"column":41}},{"start":{"line":7,"column":46},"end":{"line":9,"column":1}}],"line":7},"11":{"loc":{"start":{"line":8,"column":4},"end":{"line":8,"column":109}},"type":"if","locations":[{"start":{"line":8,"column":4},"end":{"line":8,"column":109}},{"start":{"line":8,"column":4},"end":{"line":8,"column":109}}],"line":8},"12":{"loc":{"start":{"line":8,"column":8},"end":{"line":8,"column":77}},"type":"binary-expr","locations":[{"start":{"line":8,"column":8},"end":{"line":8,"column":35}},{"start":{"line":8,"column":39},"end":{"line":8,"column":77}}],"line":8},"13":{"loc":{"start":{"line":10,"column":14},"end":{"line":12,"column":1}},"type":"binary-expr","locations":[{"start":{"line":10,"column":15},"end":{"line":10,"column":19}},{"start":{"line":10,"column":23},"end":{"line":10,"column":35}},{"start":{"line":10,"column":40},"end":{"line":12,"column":1}}],"line":10},"14":{"loc":{"start":{"line":44,"column":37},"end":{"line":44,"column":135}},"type":"binary-expr","locations":[{"start":{"line":44,"column":37},"end":{"line":44,"column":119}},{"start":{"line":44,"column":123},"end":{"line":44,"column":125}},{"start":{"line":44,"column":129},"end":{"line":44,"column":135}}],"line":44},"15":{"loc":{"start":{"line":44,"column":50},"end":{"line":44,"column":103}},"type":"binary-expr","locations":[{"start":{"line":44,"column":50},"end":{"line":44,"column":86}},{"start":{"line":44,"column":90},"end":{"line":44,"column":103}}],"line":44},"16":{"loc":{"start":{"line":82,"column":45},"end":{"line":82,"column":143}},"type":"binary-expr","locations":[{"start":{"line":82,"column":45},"end":{"line":82,"column":127}},{"start":{"line":82,"column":131},"end":{"line":82,"column":133}},{"start":{"line":82,"column":137},"end":{"line":82,"column":143}}],"line":82},"17":{"loc":{"start":{"line":82,"column":58},"end":{"line":82,"column":111}},"type":"binary-expr","locations":[{"start":{"line":82,"column":58},"end":{"line":82,"column":94}},{"start":{"line":82,"column":98},"end":{"line":82,"column":111}}],"line":82},"18":{"loc":{"start":{"line":87,"column":37},"end":{"line":87,"column":133}},"type":"binary-expr","locations":[{"start":{"line":87,"column":37},"end":{"line":87,"column":117}},{"start":{"line":87,"column":121},"end":{"line":87,"column":123}},{"start":{"line":87,"column":127},"end":{"line":87,"column":133}}],"line":87},"19":{"loc":{"start":{"line":87,"column":50},"end":{"line":87,"column":101}},"type":"binary-expr","locations":[{"start":{"line":87,"column":50},"end":{"line":87,"column":85}},{"start":{"line":87,"column":89},"end":{"line":87,"column":101}}],"line":87}},"s":{"0":1,"1":6,"2":6,"3":6,"4":6,"5":0,"6":0,"7":0,"8":6,"9":1,"10":16,"11":16,"12":1,"13":5,"14":5,"15":1,"16":2,"17":1,"18":1,"19":1,"20":1,"21":1,"22":1,"23":1,"24":1,"25":1,"26":1,"27":1},"f":{"0":6,"1":16,"2":5,"3":5,"4":2,"5":1,"6":1,"7":1,"8":1,"9":1},"b":{"0":[1,0,1],"1":[1,5],"2":[5,0],"3":[6,0],"4":[6,6],"5":[0,0],"6":[0,0],"7":[0,0],"8":[0,0],"9":[6,5,5],"10":[1,0,1],"11":[16,0],"12":[16,16],"13":[1,0,1],"14":[1,1,0],"15":[1,1],"16":[1,1,0],"17":[1,1],"18":[1,1,0],"19":[1,1]},"inputSourceMap":{"version":3,"file":"notes.controller.js","sourceRoot":"","sources":["notes.controller.ts"],"names":[],"mappings":";;;;;;;;;;;;;AAAA,OAAO,EAAE,UAAU,EAAG,GAAG,EAAE,IAAI,EAAE,IAAI,EAAE,KAAK,EAAE,MAAM,EAAE,GAAG,EAAE,MAAM,gBAAgB,CAAC;AAClF,OAAO,EAAC,aAAa,EAAC,MAAM,uBAAuB,CAAA;AACnD,OAAO,EAAC,YAAY,EAAC,MAAM,iBAAiB,CAAA;AAC5C,OAAO,EAAE,WAAW,EAAE,YAAY,EAAE,eAAe,EAAE,MAAM,iBAAiB,CAAC;AAI7E,IAAa,eAAe,GAA5B;IAEI,YAA6B,YAA0B;QAA1B,iBAAY,GAAZ,YAAY,CAAc;IAAE,CAAC;IAK1D,MAAM,CAAS,aAA2B;QACtC,OAAO,IAAI,CAAC,YAAY,CAAC,MAAM,CAAC,aAAa,CAAC,CAAC;IACnD,CAAC;IAKD,OAAO;QACH,OAAO,IAAI,CAAC,YAAY,CAAC,OAAO,EAAE,CAAE;IACxC,CAAC;IAMD,IAAI,CAAc,EAAS;QACvB,OAAO,IAAI,CAAC,YAAY,CAAC,IAAI,CAAC,EAAE,CAAC,CAAC;IACtC,CAAC;IAMD,MAAM,CAAc,EAAS;QACzB,OAAO,IAAI,CAAC,YAAY,CAAC,MAAM,CAAC,EAAE,CAAC,CAAC;IACxC,CAAC;IAMD,MAAM,CAAc,EAAS,EAAU,WAAyB;QAC5D,OAAO,IAAI,CAAC,YAAY,CAAC,MAAM,CAAC,EAAE,EAAE,WAAW,CAAC,CAAC;IACrD,CAAC;CACJ,CAAA;AAlCG;IAHC,WAAW,CAAC,EAAE,MAAM,EAAE,GAAG,EAAE,WAAW,EAAE,2CAA2C,EAAC,CAAC;IACrF,YAAY,CAAC,EAAC,KAAK,EAAE,gBAAgB,EAAC,CAAC;IACvC,IAAI,EAAE;IACC,WAAA,IAAI,EAAE,CAAA;;yDAAe,aAAa,oBAAb,aAAa;;6CAEzC;AAKD;IAHC,WAAW,CAAC,EAAE,MAAM,EAAE,GAAG,EAAE,WAAW,EAAE,qBAAqB,EAAC,CAAC;IAC/D,YAAY,CAAC,EAAC,KAAK,EAAE,eAAe,EAAC,CAAC;IACtC,GAAG,EAAE;;;;8CAGL;AAMD;IAJC,WAAW,CAAC,EAAE,MAAM,EAAE,GAAG,EAAE,WAAW,EAAE,qBAAqB,EAAC,CAAC;IAC/D,YAAY,CAAC,EAAC,KAAK,EAAE,mBAAmB,EAAC,CAAC;IAC1C,eAAe,CAAC,EAAE,IAAI,EAAE,IAAI,EAAE,QAAQ,EAAE,IAAI,EAAE,IAAI,EAAE,MAAM,EAAE,WAAW,EAAE,4BAA4B,EAAE,CAAC;IACxG,GAAG,CAAC,KAAK,CAAC;IACL,WAAA,KAAK,CAAC,IAAI,CAAC,CAAA;;;;2CAEhB;AAMD;IAJC,WAAW,CAAC,EAAE,MAAM,EAAE,GAAG,EAAE,WAAW,EAAE,sBAAsB,EAAC,CAAC;IAChE,YAAY,CAAC,EAAC,KAAK,EAAE,eAAe,EAAC,CAAC;IACtC,eAAe,CAAC,EAAE,IAAI,EAAE,IAAI,EAAE,QAAQ,EAAE,IAAI,EAAE,IAAI,EAAE,MAAM,EAAE,WAAW,EAAE,0BAA0B,EAAE,CAAC;IACtG,MAAM,CAAC,KAAK,CAAC;IACN,WAAA,KAAK,CAAC,IAAI,CAAC,CAAA;;;;6CAElB;AAMD;IAJC,WAAW,CAAC,EAAE,MAAM,EAAE,GAAG,EAAE,WAAW,EAAE,sBAAsB,EAAC,CAAC;IAChE,YAAY,CAAC,EAAC,KAAK,EAAE,eAAe,EAAC,CAAC;IACtC,eAAe,CAAC,EAAE,IAAI,EAAE,IAAI,EAAE,QAAQ,EAAE,IAAI,EAAE,IAAI,EAAE,MAAM,EAAE,WAAW,EAAE,0BAA0B,EAAE,CAAC;IACtG,GAAG,CAAC,KAAK,CAAC;IACH,WAAA,KAAK,CAAC,IAAI,CAAC,CAAA,EAAa,WAAA,IAAI,EAAE,CAAA;;iEAAa,aAAa,oBAAb,aAAa;;6CAE/D;AAxCQ,eAAe;IAD3B,UAAU,CAAC,OAAO,CAAC;yDAG2B,YAAY,oBAAZ,YAAY;GAF9C,eAAe,CAyC3B;SAzCY,eAAe","sourcesContent":["import { Controller , Get, Post, Body, Param, Delete, Put } from '@nestjs/common';\r\nimport {CreateNoteDto} from './dto/create-note.dto'\r\nimport {NotesService} from './notes.service'\r\nimport { ApiResponse, ApiOperation, ApiImplicitBody } from '@nestjs/swagger';\r\n\r\n\r\n@Controller('notes')\r\nexport class NotesController {\r\n\r\n    constructor(private readonly notesService: NotesService){}\r\n\r\n    @ApiResponse({ status: 201, description: 'The record has been successfully created.'})\r\n    @ApiOperation({title: \"Creates a note\"})\r\n    @Post()\r\n    create(@Body() createNoteDto:CreateNoteDto){\r\n        return this.notesService.create(createNoteDto);\r\n    }\r\n\r\n    @ApiResponse({ status: 200, description: 'Successful response'})\r\n    @ApiOperation({title: \"Get all notes\"})\r\n    @Get()\r\n    findAll(){\r\n        return this.notesService.findAll() ;\r\n    }\r\n\r\n    @ApiResponse({ status: 200, description: 'Successful response'})\r\n    @ApiOperation({title: \"Get specific note\"})\r\n    @ApiImplicitBody({ name: \"id\", required: true, type: String, description: \"id of the note to retrieve\" })\r\n    @Get(':id')\r\n    find(@Param('id') id:string){ \r\n        return this.notesService.find(id);\r\n    }\r\n\r\n    @ApiResponse({ status: 200, description: 'successfully deleted'})\r\n    @ApiOperation({title: \"Delete a note\"})\r\n    @ApiImplicitBody({ name: \"id\", required: true, type: String, description: \"id of the note to delete\" })\r\n    @Delete(':id')\r\n    delete(@Param('id') id:string){ \r\n        return this.notesService.delete(id);\r\n    }\r\n\r\n    @ApiResponse({ status: 200, description: 'successfully updated'})\r\n    @ApiOperation({title: \"Update a note\"})\r\n    @ApiImplicitBody({ name: \"id\", required: true, type: String, description: \"id of the note to update\" })\r\n    @Put(':id')\r\n    update(@Param('id') id:string, @Body() updatedNote:CreateNoteDto ){\r\n        return this.notesService.update(id, updatedNote);\r\n    }\r\n} \r\n"]},"_coverageSchema":"332fd63041d2c1bcb487cc26dd0d5f7d97098a6c","hash":"46f58882bf172abf7eb72ca89634ed5e33b17a88"}
,"C:\\Users\\santiago\\Documents\\Semestre 8\\Praxis-Homework\\src\\notes\\notes.service.ts": {"path":"C:\\Users\\santiago\\Documents\\Semestre 8\\Praxis-Homework\\src\\notes\\notes.service.ts","statementMap":{"0":{"start":{"line":1,"column":17},"end":{"line":6,"column":1}},"1":{"start":{"line":2,"column":12},"end":{"line":2,"column":28}},"2":{"start":{"line":2,"column":34},"end":{"line":2,"column":125}},"3":{"start":{"line":3,"column":4},"end":{"line":4,"column":150}},"4":{"start":{"line":3,"column":79},"end":{"line":3,"column":131}},"5":{"start":{"line":4,"column":9},"end":{"line":4,"column":150}},"6":{"start":{"line":4,"column":58},"end":{"line":4,"column":150}},"7":{"start":{"line":4,"column":81},"end":{"line":4,"column":150}},"8":{"start":{"line":5,"column":4},"end":{"line":5,"column":66}},"9":{"start":{"line":7,"column":17},"end":{"line":9,"column":1}},"10":{"start":{"line":8,"column":4},"end":{"line":8,"column":109}},"11":{"start":{"line":8,"column":79},"end":{"line":8,"column":109}},"12":{"start":{"line":10,"column":14},"end":{"line":12,"column":1}},"13":{"start":{"line":11,"column":4},"end":{"line":11,"column":73}},"14":{"start":{"line":11,"column":36},"end":{"line":11,"column":71}},"15":{"start":{"line":13,"column":16},"end":{"line":20,"column":1}},"16":{"start":{"line":14,"column":4},"end":{"line":19,"column":7}},"17":{"start":{"line":15,"column":36},"end":{"line":15,"column":97}},"18":{"start":{"line":15,"column":42},"end":{"line":15,"column":70}},"19":{"start":{"line":15,"column":85},"end":{"line":15,"column":95}},"20":{"start":{"line":16,"column":35},"end":{"line":16,"column":100}},"21":{"start":{"line":16,"column":41},"end":{"line":16,"column":73}},"22":{"start":{"line":16,"column":88},"end":{"line":16,"column":98}},"23":{"start":{"line":17,"column":32},"end":{"line":17,"column":149}},"24":{"start":{"line":17,"column":97},"end":{"line":17,"column":119}},"25":{"start":{"line":18,"column":8},"end":{"line":18,"column":78}},"26":{"start":{"line":25,"column":19},"end":{"line":55,"column":1}},"27":{"start":{"line":27,"column":8},"end":{"line":27,"column":35}},"28":{"start":{"line":30,"column":8},"end":{"line":33,"column":11}},"29":{"start":{"line":31,"column":32},"end":{"line":31,"column":65}},"30":{"start":{"line":32,"column":12},"end":{"line":32,"column":44}},"31":{"start":{"line":36,"column":8},"end":{"line":38,"column":11}},"32":{"start":{"line":37,"column":12},"end":{"line":37,"column":54}},"33":{"start":{"line":41,"column":8},"end":{"line":43,"column":11}},"34":{"start":{"line":42,"column":12},"end":{"line":42,"column":60}},"35":{"start":{"line":46,"column":8},"end":{"line":48,"column":11}},"36":{"start":{"line":47,"column":12},"end":{"line":47,"column":62}},"37":{"start":{"line":51,"column":8},"end":{"line":53,"column":11}},"38":{"start":{"line":52,"column":12},"end":{"line":52,"column":85}},"39":{"start":{"line":56,"column":0},"end":{"line":60,"column":17}}},"fnMap":{"0":{"name":"(anonymous_0)","decl":{"start":{"line":1,"column":46},"end":{"line":1,"column":47}},"loc":{"start":{"line":1,"column":87},"end":{"line":6,"column":1}},"line":1},"1":{"name":"(anonymous_1)","decl":{"start":{"line":7,"column":46},"end":{"line":7,"column":47}},"loc":{"start":{"line":7,"column":62},"end":{"line":9,"column":1}},"line":7},"2":{"name":"(anonymous_2)","decl":{"start":{"line":10,"column":40},"end":{"line":10,"column":41}},"loc":{"start":{"line":10,"column":73},"end":{"line":12,"column":1}},"line":10},"3":{"name":"(anonymous_3)","decl":{"start":{"line":11,"column":11},"end":{"line":11,"column":12}},"loc":{"start":{"line":11,"column":34},"end":{"line":11,"column":73}},"line":11},"4":{"name":"(anonymous_4)","decl":{"start":{"line":13,"column":44},"end":{"line":13,"column":45}},"loc":{"start":{"line":13,"column":89},"end":{"line":20,"column":1}},"line":13},"5":{"name":"(anonymous_5)","decl":{"start":{"line":14,"column":36},"end":{"line":14,"column":37}},"loc":{"start":{"line":14,"column":63},"end":{"line":19,"column":5}},"line":14},"6":{"name":"fulfilled","decl":{"start":{"line":15,"column":17},"end":{"line":15,"column":26}},"loc":{"start":{"line":15,"column":34},"end":{"line":15,"column":99}},"line":15},"7":{"name":"rejected","decl":{"start":{"line":16,"column":17},"end":{"line":16,"column":25}},"loc":{"start":{"line":16,"column":33},"end":{"line":16,"column":102}},"line":16},"8":{"name":"step","decl":{"start":{"line":17,"column":17},"end":{"line":17,"column":21}},"loc":{"start":{"line":17,"column":30},"end":{"line":17,"column":151}},"line":17},"9":{"name":"(anonymous_9)","decl":{"start":{"line":17,"column":76},"end":{"line":17,"column":77}},"loc":{"start":{"line":17,"column":95},"end":{"line":17,"column":121}},"line":17},"10":{"name":"(anonymous_10)","decl":{"start":{"line":26,"column":4},"end":{"line":26,"column":5}},"loc":{"start":{"line":26,"column":27},"end":{"line":28,"column":5}},"line":26},"11":{"name":"(anonymous_11)","decl":{"start":{"line":29,"column":4},"end":{"line":29,"column":5}},"loc":{"start":{"line":29,"column":26},"end":{"line":34,"column":5}},"line":29},"12":{"name":"(anonymous_12)","decl":{"start":{"line":30,"column":47},"end":{"line":30,"column":48}},"loc":{"start":{"line":30,"column":60},"end":{"line":33,"column":9}},"line":30},"13":{"name":"(anonymous_13)","decl":{"start":{"line":35,"column":4},"end":{"line":35,"column":5}},"loc":{"start":{"line":35,"column":14},"end":{"line":39,"column":5}},"line":35},"14":{"name":"(anonymous_14)","decl":{"start":{"line":36,"column":47},"end":{"line":36,"column":48}},"loc":{"start":{"line":36,"column":60},"end":{"line":38,"column":9}},"line":36},"15":{"name":"(anonymous_15)","decl":{"start":{"line":40,"column":4},"end":{"line":40,"column":5}},"loc":{"start":{"line":40,"column":13},"end":{"line":44,"column":5}},"line":40},"16":{"name":"(anonymous_16)","decl":{"start":{"line":41,"column":47},"end":{"line":41,"column":48}},"loc":{"start":{"line":41,"column":60},"end":{"line":43,"column":9}},"line":41},"17":{"name":"(anonymous_17)","decl":{"start":{"line":45,"column":4},"end":{"line":45,"column":5}},"loc":{"start":{"line":45,"column":15},"end":{"line":49,"column":5}},"line":45},"18":{"name":"(anonymous_18)","decl":{"start":{"line":46,"column":47},"end":{"line":46,"column":48}},"loc":{"start":{"line":46,"column":60},"end":{"line":48,"column":9}},"line":46},"19":{"name":"(anonymous_19)","decl":{"start":{"line":50,"column":4},"end":{"line":50,"column":5}},"loc":{"start":{"line":50,"column":23},"end":{"line":54,"column":5}},"line":50},"20":{"name":"(anonymous_20)","decl":{"start":{"line":51,"column":47},"end":{"line":51,"column":48}},"loc":{"start":{"line":51,"column":60},"end":{"line":53,"column":9}},"line":51}},"branchMap":{"0":{"loc":{"start":{"line":1,"column":17},"end":{"line":6,"column":1}},"type":"binary-expr","locations":[{"start":{"line":1,"column":18},"end":{"line":1,"column":22}},{"start":{"line":1,"column":26},"end":{"line":1,"column":41}},{"start":{"line":1,"column":46},"end":{"line":6,"column":1}}],"line":1},"1":{"loc":{"start":{"line":2,"column":34},"end":{"line":2,"column":125}},"type":"cond-expr","locations":[{"start":{"line":2,"column":42},"end":{"line":2,"column":48}},{"start":{"line":2,"column":51},"end":{"line":2,"column":125}}],"line":2},"2":{"loc":{"start":{"line":2,"column":51},"end":{"line":2,"column":125}},"type":"cond-expr","locations":[{"start":{"line":2,"column":67},"end":{"line":2,"column":118}},{"start":{"line":2,"column":121},"end":{"line":2,"column":125}}],"line":2},"3":{"loc":{"start":{"line":3,"column":4},"end":{"line":4,"column":150}},"type":"if","locations":[{"start":{"line":3,"column":4},"end":{"line":4,"column":150}},{"start":{"line":3,"column":4},"end":{"line":4,"column":150}}],"line":3},"4":{"loc":{"start":{"line":3,"column":8},"end":{"line":3,"column":77}},"type":"binary-expr","locations":[{"start":{"line":3,"column":8},"end":{"line":3,"column":35}},{"start":{"line":3,"column":39},"end":{"line":3,"column":77}}],"line":3},"5":{"loc":{"start":{"line":4,"column":58},"end":{"line":4,"column":150}},"type":"if","locations":[{"start":{"line":4,"column":58},"end":{"line":4,"column":150}},{"start":{"line":4,"column":58},"end":{"line":4,"column":150}}],"line":4},"6":{"loc":{"start":{"line":4,"column":85},"end":{"line":4,"column":149}},"type":"binary-expr","locations":[{"start":{"line":4,"column":86},"end":{"line":4,"column":143}},{"start":{"line":4,"column":148},"end":{"line":4,"column":149}}],"line":4},"7":{"loc":{"start":{"line":4,"column":86},"end":{"line":4,"column":143}},"type":"cond-expr","locations":[{"start":{"line":4,"column":94},"end":{"line":4,"column":98}},{"start":{"line":4,"column":101},"end":{"line":4,"column":143}}],"line":4},"8":{"loc":{"start":{"line":4,"column":101},"end":{"line":4,"column":143}},"type":"cond-expr","locations":[{"start":{"line":4,"column":109},"end":{"line":4,"column":126}},{"start":{"line":4,"column":129},"end":{"line":4,"column":143}}],"line":4},"9":{"loc":{"start":{"line":5,"column":11},"end":{"line":5,"column":62}},"type":"binary-expr","locations":[{"start":{"line":5,"column":11},"end":{"line":5,"column":16}},{"start":{"line":5,"column":20},"end":{"line":5,"column":21}},{"start":{"line":5,"column":25},"end":{"line":5,"column":62}}],"line":5},"10":{"loc":{"start":{"line":7,"column":17},"end":{"line":9,"column":1}},"type":"binary-expr","locations":[{"start":{"line":7,"column":18},"end":{"line":7,"column":22}},{"start":{"line":7,"column":26},"end":{"line":7,"column":41}},{"start":{"line":7,"column":46},"end":{"line":9,"column":1}}],"line":7},"11":{"loc":{"start":{"line":8,"column":4},"end":{"line":8,"column":109}},"type":"if","locations":[{"start":{"line":8,"column":4},"end":{"line":8,"column":109}},{"start":{"line":8,"column":4},"end":{"line":8,"column":109}}],"line":8},"12":{"loc":{"start":{"line":8,"column":8},"end":{"line":8,"column":77}},"type":"binary-expr","locations":[{"start":{"line":8,"column":8},"end":{"line":8,"column":35}},{"start":{"line":8,"column":39},"end":{"line":8,"column":77}}],"line":8},"13":{"loc":{"start":{"line":10,"column":14},"end":{"line":12,"column":1}},"type":"binary-expr","locations":[{"start":{"line":10,"column":15},"end":{"line":10,"column":19}},{"start":{"line":10,"column":23},"end":{"line":10,"column":35}},{"start":{"line":10,"column":40},"end":{"line":12,"column":1}}],"line":10},"14":{"loc":{"start":{"line":13,"column":16},"end":{"line":20,"column":1}},"type":"binary-expr","locations":[{"start":{"line":13,"column":17},"end":{"line":13,"column":21}},{"start":{"line":13,"column":25},"end":{"line":13,"column":39}},{"start":{"line":13,"column":44},"end":{"line":20,"column":1}}],"line":13},"15":{"loc":{"start":{"line":14,"column":16},"end":{"line":14,"column":34}},"type":"binary-expr","locations":[{"start":{"line":14,"column":16},"end":{"line":14,"column":17}},{"start":{"line":14,"column":22},"end":{"line":14,"column":33}}],"line":14},"16":{"loc":{"start":{"line":17,"column":32},"end":{"line":17,"column":148}},"type":"cond-expr","locations":[{"start":{"line":17,"column":46},"end":{"line":17,"column":67}},{"start":{"line":17,"column":70},"end":{"line":17,"column":148}}],"line":17},"17":{"loc":{"start":{"line":18,"column":51},"end":{"line":18,"column":67}},"type":"binary-expr","locations":[{"start":{"line":18,"column":51},"end":{"line":18,"column":61}},{"start":{"line":18,"column":65},"end":{"line":18,"column":67}}],"line":18},"18":{"loc":{"start":{"line":59,"column":37},"end":{"line":59,"column":119}},"type":"binary-expr","locations":[{"start":{"line":59,"column":37},"end":{"line":59,"column":103}},{"start":{"line":59,"column":107},"end":{"line":59,"column":109}},{"start":{"line":59,"column":113},"end":{"line":59,"column":119}}],"line":59},"19":{"loc":{"start":{"line":59,"column":50},"end":{"line":59,"column":87}},"type":"binary-expr","locations":[{"start":{"line":59,"column":50},"end":{"line":59,"column":78}},{"start":{"line":59,"column":82},"end":{"line":59,"column":87}}],"line":59}},"s":{"0":2,"1":2,"2":2,"3":2,"4":2,"5":0,"6":0,"7":0,"8":2,"9":2,"10":2,"11":2,"12":2,"13":2,"14":2,"15":2,"16":0,"17":0,"18":0,"19":0,"20":0,"21":0,"22":0,"23":0,"24":0,"25":0,"26":2,"27":4,"28":0,"29":0,"30":0,"31":0,"32":0,"33":0,"34":0,"35":0,"36":0,"37":0,"38":0,"39":2},"f":{"0":2,"1":2,"2":2,"3":2,"4":0,"5":0,"6":0,"7":0,"8":0,"9":0,"10":4,"11":0,"12":0,"13":0,"14":0,"15":0,"16":0,"17":0,"18":0,"19":0,"20":0},"b":{"0":[2,0,2],"1":[2,0],"2":[0,0],"3":[2,0],"4":[2,2],"5":[0,0],"6":[0,0],"7":[0,0],"8":[0,0],"9":[2,0,0],"10":[2,0,2],"11":[2,0],"12":[2,2],"13":[2,0,2],"14":[2,0,2],"15":[0,0],"16":[0,0],"17":[0,0],"18":[2,2,0],"19":[2,2]},"inputSourceMap":{"version":3,"file":"notes.service.js","sourceRoot":"","sources":["notes.service.ts"],"names":[],"mappings":";;;;;;;;;;;;;;;;;;;;;AAAA,OAAO,EAAE,UAAU,EAAE,MAAM,gBAAgB,CAAC;AAC5C,OAAO,EAAE,WAAW,EAAE,MAAM,kBAAkB,CAAC;AAC/C,OAAO,EAAE,KAAK,EAAE,MAAM,UAAU,CAAC;AAKjC,IAAa,YAAY,GAAzB;IAEI,YAAkD,SAAsB;QAAtB,cAAS,GAAT,SAAS,CAAa;IAAE,CAAC;IAErE,MAAM,CAAC,aAA6B;;YACtC,MAAM,WAAW,GAAG,IAAI,IAAI,CAAC,SAAS,CAAC,aAAa,CAAC,CAAA;YACrD,OAAO,MAAM,WAAW,CAAC,IAAI,EAAE,CAAC;QACpC,CAAC;KAAA;IAEK,OAAO;;YACT,OAAO,MAAM,IAAI,CAAC,SAAS,CAAC,IAAI,EAAE,CAAC,IAAI,EAAE,CAAC;QAC9C,CAAC;KAAA;IAEK,IAAI,CAAC,EAAS;;YAChB,OAAO,MAAM,IAAI,CAAC,SAAS,CAAC,QAAQ,CAAC,EAAE,CAAC,CAAC,IAAI,EAAE,CAAC;QACpD,CAAC;KAAA;IAEK,MAAM,CAAC,EAAS;;YAClB,OAAO,MAAM,IAAI,CAAC,SAAS,CAAC,iBAAiB,CAAC,EAAE,CAAC,CAAC;QACtD,CAAC;KAAA;IAEK,MAAM,CAAC,EAAS,EAAE,MAAa;;YAClC,OAAO,MAAM,IAAI,CAAC,SAAS,CAAC,iBAAiB,CAAC,EAAE,EAAC,MAAM,EAAC,EAAC,GAAG,EAAE,IAAI,EAAC,CAAC,CAAA;QACvE,CAAC;KAAA;CAEJ,CAAA;AAzBY,YAAY;IADxB,UAAU,EAAE;IAGI,WAAA,WAAW,CAAC,MAAM,CAAC,CAAA;yDAA6B,KAAK,oBAAL,KAAK;GAFzD,YAAY,CAyBxB;SAzBY,YAAY","sourcesContent":["import { Injectable } from '@nestjs/common';\r\nimport { InjectModel } from '@nestjs/mongoose';\r\nimport { Model } from 'mongoose';\r\nimport {Note} from './interfaces/note.interface';\r\nimport {CreateNoteDto} from './dto/create-note.dto'\r\n\r\n@Injectable()\r\nexport class NotesService {\r\n\r\n    constructor(@InjectModel('Note') private readonly noteModel: Model<Note>){}\r\n\r\n    async create(createNoteDto : CreateNoteDto): Promise<Note>{\r\n        const createdNote = new this.noteModel(createNoteDto)\r\n        return await createdNote.save();\r\n    }\r\n\r\n    async findAll(): Promise<Note[]>{\r\n        return await this.noteModel.find().exec();\r\n    }\r\n\r\n    async find(id:string){\r\n        return await this.noteModel.findById(id).exec();\r\n    } \r\n\r\n    async delete(id:string){\r\n        return await this.noteModel.findByIdAndRemove(id);\r\n    } \r\n\r\n    async update(id:string, params:object){\r\n       return await this.noteModel.findByIdAndUpdate(id,params,{new: true})\r\n    }\r\n    \r\n}\r\n"]},"_coverageSchema":"332fd63041d2c1bcb487cc26dd0d5f7d97098a6c","hash":"5076612c77a450f704ec6e4cf1bb1ee56ec7b101"}
,"C:\\Users\\santiago\\Documents\\Semestre 8\\Praxis-Homework\\src\\notes\\dto\\create-note.dto.ts": {"path":"C:\\Users\\santiago\\Documents\\Semestre 8\\Praxis-Homework\\src\\notes\\dto\\create-note.dto.ts","statementMap":{"0":{"start":{"line":1,"column":17},"end":{"line":6,"column":1}},"1":{"start":{"line":2,"column":12},"end":{"line":2,"column":28}},"2":{"start":{"line":2,"column":34},"end":{"line":2,"column":125}},"3":{"start":{"line":3,"column":4},"end":{"line":4,"column":150}},"4":{"start":{"line":3,"column":79},"end":{"line":3,"column":131}},"5":{"start":{"line":4,"column":9},"end":{"line":4,"column":150}},"6":{"start":{"line":4,"column":58},"end":{"line":4,"column":150}},"7":{"start":{"line":4,"column":81},"end":{"line":4,"column":150}},"8":{"start":{"line":5,"column":4},"end":{"line":5,"column":66}},"9":{"start":{"line":7,"column":17},"end":{"line":9,"column":1}},"10":{"start":{"line":8,"column":4},"end":{"line":8,"column":109}},"11":{"start":{"line":8,"column":79},"end":{"line":8,"column":109}},"12":{"start":{"line":13,"column":0},"end":{"line":16,"column":44}},"13":{"start":{"line":17,"column":0},"end":{"line":20,"column":47}}},"fnMap":{"0":{"name":"(anonymous_0)","decl":{"start":{"line":1,"column":46},"end":{"line":1,"column":47}},"loc":{"start":{"line":1,"column":87},"end":{"line":6,"column":1}},"line":1},"1":{"name":"(anonymous_1)","decl":{"start":{"line":7,"column":46},"end":{"line":7,"column":47}},"loc":{"start":{"line":7,"column":62},"end":{"line":9,"column":1}},"line":7}},"branchMap":{"0":{"loc":{"start":{"line":1,"column":17},"end":{"line":6,"column":1}},"type":"binary-expr","locations":[{"start":{"line":1,"column":18},"end":{"line":1,"column":22}},{"start":{"line":1,"column":26},"end":{"line":1,"column":41}},{"start":{"line":1,"column":46},"end":{"line":6,"column":1}}],"line":1},"1":{"loc":{"start":{"line":2,"column":34},"end":{"line":2,"column":125}},"type":"cond-expr","locations":[{"start":{"line":2,"column":42},"end":{"line":2,"column":48}},{"start":{"line":2,"column":51},"end":{"line":2,"column":125}}],"line":2},"2":{"loc":{"start":{"line":2,"column":51},"end":{"line":2,"column":125}},"type":"cond-expr","locations":[{"start":{"line":2,"column":67},"end":{"line":2,"column":118}},{"start":{"line":2,"column":121},"end":{"line":2,"column":125}}],"line":2},"3":{"loc":{"start":{"line":3,"column":4},"end":{"line":4,"column":150}},"type":"if","locations":[{"start":{"line":3,"column":4},"end":{"line":4,"column":150}},{"start":{"line":3,"column":4},"end":{"line":4,"column":150}}],"line":3},"4":{"loc":{"start":{"line":3,"column":8},"end":{"line":3,"column":77}},"type":"binary-expr","locations":[{"start":{"line":3,"column":8},"end":{"line":3,"column":35}},{"start":{"line":3,"column":39},"end":{"line":3,"column":77}}],"line":3},"5":{"loc":{"start":{"line":4,"column":58},"end":{"line":4,"column":150}},"type":"if","locations":[{"start":{"line":4,"column":58},"end":{"line":4,"column":150}},{"start":{"line":4,"column":58},"end":{"line":4,"column":150}}],"line":4},"6":{"loc":{"start":{"line":4,"column":85},"end":{"line":4,"column":149}},"type":"binary-expr","locations":[{"start":{"line":4,"column":86},"end":{"line":4,"column":143}},{"start":{"line":4,"column":148},"end":{"line":4,"column":149}}],"line":4},"7":{"loc":{"start":{"line":4,"column":86},"end":{"line":4,"column":143}},"type":"cond-expr","locations":[{"start":{"line":4,"column":94},"end":{"line":4,"column":98}},{"start":{"line":4,"column":101},"end":{"line":4,"column":143}}],"line":4},"8":{"loc":{"start":{"line":4,"column":101},"end":{"line":4,"column":143}},"type":"cond-expr","locations":[{"start":{"line":4,"column":109},"end":{"line":4,"column":126}},{"start":{"line":4,"column":129},"end":{"line":4,"column":143}}],"line":4},"9":{"loc":{"start":{"line":5,"column":11},"end":{"line":5,"column":62}},"type":"binary-expr","locations":[{"start":{"line":5,"column":11},"end":{"line":5,"column":16}},{"start":{"line":5,"column":20},"end":{"line":5,"column":21}},{"start":{"line":5,"column":25},"end":{"line":5,"column":62}}],"line":5},"10":{"loc":{"start":{"line":7,"column":17},"end":{"line":9,"column":1}},"type":"binary-expr","locations":[{"start":{"line":7,"column":18},"end":{"line":7,"column":22}},{"start":{"line":7,"column":26},"end":{"line":7,"column":41}},{"start":{"line":7,"column":46},"end":{"line":9,"column":1}}],"line":7},"11":{"loc":{"start":{"line":8,"column":4},"end":{"line":8,"column":109}},"type":"if","locations":[{"start":{"line":8,"column":4},"end":{"line":8,"column":109}},{"start":{"line":8,"column":4},"end":{"line":8,"column":109}}],"line":8},"12":{"loc":{"start":{"line":8,"column":8},"end":{"line":8,"column":77}},"type":"binary-expr","locations":[{"start":{"line":8,"column":8},"end":{"line":8,"column":35}},{"start":{"line":8,"column":39},"end":{"line":8,"column":77}}],"line":8}},"s":{"0":2,"1":4,"2":4,"3":4,"4":4,"5":0,"6":0,"7":0,"8":4,"9":2,"10":4,"11":4,"12":2,"13":2},"f":{"0":4,"1":4},"b":{"0":[2,0,2],"1":[0,4],"2":[0,4],"3":[4,0],"4":[4,4],"5":[0,0],"6":[0,0],"7":[0,0],"8":[0,0],"9":[4,4,0],"10":[2,0,2],"11":[4,0],"12":[4,4]},"inputSourceMap":{"version":3,"file":"create-note.dto.js","sourceRoot":"","sources":["create-note.dto.ts"],"names":[],"mappings":";;;;;;;;;AAAA,OAAO,EAAE,gBAAgB,EAAE,MAAM,iBAAiB,CAAC;AAEnD,MAAM;CAML;AAJG;IADC,gBAAgB,EAAE;;2CACG;AAGtB;IADC,gBAAgB,EAAE;;8CACM","sourcesContent":["import { ApiModelProperty } from '@nestjs/swagger';\r\n\r\nexport class CreateNoteDto{\r\n    @ApiModelProperty()\r\n    readonly text: string;\r\n\r\n    @ApiModelProperty()\r\n    readonly id_user: string;\r\n}"]},"_coverageSchema":"332fd63041d2c1bcb487cc26dd0d5f7d97098a6c","hash":"6d56e3e1ddb90b90e23075da1d1fb89722ff2ab5"}
,"C:\\Users\\santiago\\Documents\\Semestre 8\\Praxis-Homework\\src\\users\\users.controller.ts": {"path":"C:\\Users\\santiago\\Documents\\Semestre 8\\Praxis-Homework\\src\\users\\users.controller.ts","statementMap":{"0":{"start":{"line":1,"column":17},"end":{"line":6,"column":1}},"1":{"start":{"line":2,"column":12},"end":{"line":2,"column":28}},"2":{"start":{"line":2,"column":34},"end":{"line":2,"column":125}},"3":{"start":{"line":3,"column":4},"end":{"line":4,"column":150}},"4":{"start":{"line":3,"column":79},"end":{"line":3,"column":131}},"5":{"start":{"line":4,"column":9},"end":{"line":4,"column":150}},"6":{"start":{"line":4,"column":58},"end":{"line":4,"column":150}},"7":{"start":{"line":4,"column":81},"end":{"line":4,"column":150}},"8":{"start":{"line":5,"column":4},"end":{"line":5,"column":66}},"9":{"start":{"line":7,"column":17},"end":{"line":9,"column":1}},"10":{"start":{"line":8,"column":4},"end":{"line":8,"column":109}},"11":{"start":{"line":8,"column":79},"end":{"line":8,"column":109}},"12":{"start":{"line":10,"column":14},"end":{"line":12,"column":1}},"13":{"start":{"line":11,"column":4},"end":{"line":11,"column":73}},"14":{"start":{"line":11,"column":36},"end":{"line":11,"column":71}},"15":{"start":{"line":18,"column":22},"end":{"line":37,"column":1}},"16":{"start":{"line":20,"column":8},"end":{"line":20,"column":41}},"17":{"start":{"line":23,"column":8},"end":{"line":23,"column":55}},"18":{"start":{"line":26,"column":8},"end":{"line":26,"column":43}},"19":{"start":{"line":29,"column":8},"end":{"line":29,"column":42}},"20":{"start":{"line":32,"column":8},"end":{"line":32,"column":44}},"21":{"start":{"line":35,"column":8},"end":{"line":35,"column":57}},"22":{"start":{"line":38,"column":0},"end":{"line":46,"column":46}},"23":{"start":{"line":47,"column":0},"end":{"line":54,"column":47}},"24":{"start":{"line":55,"column":0},"end":{"line":64,"column":44}},"25":{"start":{"line":65,"column":0},"end":{"line":74,"column":46}},"26":{"start":{"line":75,"column":0},"end":{"line":84,"column":46}},"27":{"start":{"line":85,"column":0},"end":{"line":88,"column":20}}},"fnMap":{"0":{"name":"(anonymous_0)","decl":{"start":{"line":1,"column":46},"end":{"line":1,"column":47}},"loc":{"start":{"line":1,"column":87},"end":{"line":6,"column":1}},"line":1},"1":{"name":"(anonymous_1)","decl":{"start":{"line":7,"column":46},"end":{"line":7,"column":47}},"loc":{"start":{"line":7,"column":62},"end":{"line":9,"column":1}},"line":7},"2":{"name":"(anonymous_2)","decl":{"start":{"line":10,"column":40},"end":{"line":10,"column":41}},"loc":{"start":{"line":10,"column":73},"end":{"line":12,"column":1}},"line":10},"3":{"name":"(anonymous_3)","decl":{"start":{"line":11,"column":11},"end":{"line":11,"column":12}},"loc":{"start":{"line":11,"column":34},"end":{"line":11,"column":73}},"line":11},"4":{"name":"(anonymous_4)","decl":{"start":{"line":19,"column":4},"end":{"line":19,"column":5}},"loc":{"start":{"line":19,"column":30},"end":{"line":21,"column":5}},"line":19},"5":{"name":"(anonymous_5)","decl":{"start":{"line":22,"column":4},"end":{"line":22,"column":5}},"loc":{"start":{"line":22,"column":26},"end":{"line":24,"column":5}},"line":22},"6":{"name":"(anonymous_6)","decl":{"start":{"line":25,"column":4},"end":{"line":25,"column":5}},"loc":{"start":{"line":25,"column":14},"end":{"line":27,"column":5}},"line":25},"7":{"name":"(anonymous_7)","decl":{"start":{"line":28,"column":4},"end":{"line":28,"column":5}},"loc":{"start":{"line":28,"column":13},"end":{"line":30,"column":5}},"line":28},"8":{"name":"(anonymous_8)","decl":{"start":{"line":31,"column":4},"end":{"line":31,"column":5}},"loc":{"start":{"line":31,"column":15},"end":{"line":33,"column":5}},"line":31},"9":{"name":"(anonymous_9)","decl":{"start":{"line":34,"column":4},"end":{"line":34,"column":5}},"loc":{"start":{"line":34,"column":28},"end":{"line":36,"column":5}},"line":34}},"branchMap":{"0":{"loc":{"start":{"line":1,"column":17},"end":{"line":6,"column":1}},"type":"binary-expr","locations":[{"start":{"line":1,"column":18},"end":{"line":1,"column":22}},{"start":{"line":1,"column":26},"end":{"line":1,"column":41}},{"start":{"line":1,"column":46},"end":{"line":6,"column":1}}],"line":1},"1":{"loc":{"start":{"line":2,"column":34},"end":{"line":2,"column":125}},"type":"cond-expr","locations":[{"start":{"line":2,"column":42},"end":{"line":2,"column":48}},{"start":{"line":2,"column":51},"end":{"line":2,"column":125}}],"line":2},"2":{"loc":{"start":{"line":2,"column":51},"end":{"line":2,"column":125}},"type":"cond-expr","locations":[{"start":{"line":2,"column":67},"end":{"line":2,"column":118}},{"start":{"line":2,"column":121},"end":{"line":2,"column":125}}],"line":2},"3":{"loc":{"start":{"line":3,"column":4},"end":{"line":4,"column":150}},"type":"if","locations":[{"start":{"line":3,"column":4},"end":{"line":4,"column":150}},{"start":{"line":3,"column":4},"end":{"line":4,"column":150}}],"line":3},"4":{"loc":{"start":{"line":3,"column":8},"end":{"line":3,"column":77}},"type":"binary-expr","locations":[{"start":{"line":3,"column":8},"end":{"line":3,"column":35}},{"start":{"line":3,"column":39},"end":{"line":3,"column":77}}],"line":3},"5":{"loc":{"start":{"line":4,"column":58},"end":{"line":4,"column":150}},"type":"if","locations":[{"start":{"line":4,"column":58},"end":{"line":4,"column":150}},{"start":{"line":4,"column":58},"end":{"line":4,"column":150}}],"line":4},"6":{"loc":{"start":{"line":4,"column":85},"end":{"line":4,"column":149}},"type":"binary-expr","locations":[{"start":{"line":4,"column":86},"end":{"line":4,"column":143}},{"start":{"line":4,"column":148},"end":{"line":4,"column":149}}],"line":4},"7":{"loc":{"start":{"line":4,"column":86},"end":{"line":4,"column":143}},"type":"cond-expr","locations":[{"start":{"line":4,"column":94},"end":{"line":4,"column":98}},{"start":{"line":4,"column":101},"end":{"line":4,"column":143}}],"line":4},"8":{"loc":{"start":{"line":4,"column":101},"end":{"line":4,"column":143}},"type":"cond-expr","locations":[{"start":{"line":4,"column":109},"end":{"line":4,"column":126}},{"start":{"line":4,"column":129},"end":{"line":4,"column":143}}],"line":4},"9":{"loc":{"start":{"line":5,"column":11},"end":{"line":5,"column":62}},"type":"binary-expr","locations":[{"start":{"line":5,"column":11},"end":{"line":5,"column":16}},{"start":{"line":5,"column":20},"end":{"line":5,"column":21}},{"start":{"line":5,"column":25},"end":{"line":5,"column":62}}],"line":5},"10":{"loc":{"start":{"line":7,"column":17},"end":{"line":9,"column":1}},"type":"binary-expr","locations":[{"start":{"line":7,"column":18},"end":{"line":7,"column":22}},{"start":{"line":7,"column":26},"end":{"line":7,"column":41}},{"start":{"line":7,"column":46},"end":{"line":9,"column":1}}],"line":7},"11":{"loc":{"start":{"line":8,"column":4},"end":{"line":8,"column":109}},"type":"if","locations":[{"start":{"line":8,"column":4},"end":{"line":8,"column":109}},{"start":{"line":8,"column":4},"end":{"line":8,"column":109}}],"line":8},"12":{"loc":{"start":{"line":8,"column":8},"end":{"line":8,"column":77}},"type":"binary-expr","locations":[{"start":{"line":8,"column":8},"end":{"line":8,"column":35}},{"start":{"line":8,"column":39},"end":{"line":8,"column":77}}],"line":8},"13":{"loc":{"start":{"line":10,"column":14},"end":{"line":12,"column":1}},"type":"binary-expr","locations":[{"start":{"line":10,"column":15},"end":{"line":10,"column":19}},{"start":{"line":10,"column":23},"end":{"line":10,"column":35}},{"start":{"line":10,"column":40},"end":{"line":12,"column":1}}],"line":10},"14":{"loc":{"start":{"line":44,"column":37},"end":{"line":44,"column":135}},"type":"binary-expr","locations":[{"start":{"line":44,"column":37},"end":{"line":44,"column":119}},{"start":{"line":44,"column":123},"end":{"line":44,"column":125}},{"start":{"line":44,"column":129},"end":{"line":44,"column":135}}],"line":44},"15":{"loc":{"start":{"line":44,"column":50},"end":{"line":44,"column":103}},"type":"binary-expr","locations":[{"start":{"line":44,"column":50},"end":{"line":44,"column":86}},{"start":{"line":44,"column":90},"end":{"line":44,"column":103}}],"line":44},"16":{"loc":{"start":{"line":82,"column":45},"end":{"line":82,"column":143}},"type":"binary-expr","locations":[{"start":{"line":82,"column":45},"end":{"line":82,"column":127}},{"start":{"line":82,"column":131},"end":{"line":82,"column":133}},{"start":{"line":82,"column":137},"end":{"line":82,"column":143}}],"line":82},"17":{"loc":{"start":{"line":82,"column":58},"end":{"line":82,"column":111}},"type":"binary-expr","locations":[{"start":{"line":82,"column":58},"end":{"line":82,"column":94}},{"start":{"line":82,"column":98},"end":{"line":82,"column":111}}],"line":82},"18":{"loc":{"start":{"line":87,"column":37},"end":{"line":87,"column":133}},"type":"binary-expr","locations":[{"start":{"line":87,"column":37},"end":{"line":87,"column":117}},{"start":{"line":87,"column":121},"end":{"line":87,"column":123}},{"start":{"line":87,"column":127},"end":{"line":87,"column":133}}],"line":87},"19":{"loc":{"start":{"line":87,"column":50},"end":{"line":87,"column":101}},"type":"binary-expr","locations":[{"start":{"line":87,"column":50},"end":{"line":87,"column":85}},{"start":{"line":87,"column":89},"end":{"line":87,"column":101}}],"line":87}},"s":{"0":1,"1":6,"2":6,"3":6,"4":6,"5":0,"6":0,"7":0,"8":6,"9":1,"10":16,"11":16,"12":1,"13":5,"14":5,"15":1,"16":2,"17":1,"18":1,"19":1,"20":1,"21":1,"22":1,"23":1,"24":1,"25":1,"26":1,"27":1},"f":{"0":6,"1":16,"2":5,"3":5,"4":2,"5":1,"6":1,"7":1,"8":1,"9":1},"b":{"0":[1,0,1],"1":[1,5],"2":[5,0],"3":[6,0],"4":[6,6],"5":[0,0],"6":[0,0],"7":[0,0],"8":[0,0],"9":[6,5,5],"10":[1,0,1],"11":[16,0],"12":[16,16],"13":[1,0,1],"14":[1,1,0],"15":[1,1],"16":[1,1,0],"17":[1,1],"18":[1,1,0],"19":[1,1]},"inputSourceMap":{"version":3,"file":"users.controller.js","sourceRoot":"","sources":["users.controller.ts"],"names":[],"mappings":";;;;;;;;;;;;;AAAA,OAAO,EAAE,UAAU,EAAE,GAAG,EAAE,IAAI,EAAE,IAAI,EAAE,MAAM,EAAE,KAAK,EAAE,GAAG,EAAE,MAAM,gBAAgB,CAAC;AACjF,OAAO,EAAC,aAAa,EAAC,MAAM,uBAAuB,CAAA;AACnD,OAAO,EAAE,WAAW,EAAE,YAAY,EAAE,eAAe,EAAE,MAAM,iBAAiB,CAAC;AAE7E,OAAO,EAAC,YAAY,EAAC,MAAM,iBAAiB,CAAA;AAG5C,IAAa,eAAe,GAA5B;IAEI,YAA4B,YAA0B;QAA1B,iBAAY,GAAZ,YAAY,CAAc;IAAE,CAAC;IAKzD,MAAM,CAAS,aAA2B;QACtC,OAAO,IAAI,CAAC,YAAY,CAAC,MAAM,CAAC,aAAa,CAAC,CAAC;IACnD,CAAC;IAKD,OAAO;QACH,OAAO,IAAI,CAAC,YAAY,CAAC,OAAO,EAAE,CAAE;IACxC,CAAC;IAMD,IAAI,CAAc,EAAS;QACvB,OAAO,IAAI,CAAC,YAAY,CAAC,IAAI,CAAC,EAAE,CAAC,CAAC;IACtC,CAAC;IAMD,MAAM,CAAc,EAAS;QACzB,OAAO,IAAI,CAAC,YAAY,CAAC,MAAM,CAAC,EAAE,CAAC,CAAC;IACxC,CAAC;IAMD,MAAM,CAAc,EAAS,EAAU,WAAyB;QAC5D,OAAO,IAAI,CAAC,YAAY,CAAC,MAAM,CAAC,EAAE,EAAE,WAAW,CAAC,CAAC;IACrD,CAAC;CACJ,CAAA;AAlCG;IAHC,WAAW,CAAC,EAAE,MAAM,EAAE,GAAG,EAAE,WAAW,EAAE,2CAA2C,EAAC,CAAC;IACrF,YAAY,CAAC,EAAC,KAAK,EAAE,gBAAgB,EAAC,CAAC;IACvC,IAAI,EAAE;IACC,WAAA,IAAI,EAAE,CAAA;;yDAAe,aAAa,oBAAb,aAAa;;6CAEzC;AAKD;IAHC,WAAW,CAAC,EAAE,MAAM,EAAE,GAAG,EAAE,WAAW,EAAE,qBAAqB,EAAC,CAAC;IAC/D,YAAY,CAAC,EAAC,KAAK,EAAE,eAAe,EAAC,CAAC;IACtC,GAAG,EAAE;;;;8CAGL;AAMD;IAJC,WAAW,CAAC,EAAE,MAAM,EAAE,GAAG,EAAE,WAAW,EAAE,qBAAqB,EAAC,CAAC;IAC/D,YAAY,CAAC,EAAC,KAAK,EAAE,mBAAmB,EAAC,CAAC;IAC1C,eAAe,CAAC,EAAE,IAAI,EAAE,IAAI,EAAE,QAAQ,EAAE,IAAI,EAAE,IAAI,EAAE,MAAM,EAAE,WAAW,EAAE,4BAA4B,EAAE,CAAC;IACxG,GAAG,CAAC,KAAK,CAAC;IACL,WAAA,KAAK,CAAC,IAAI,CAAC,CAAA;;;;2CAEhB;AAMD;IAJC,WAAW,CAAC,EAAE,MAAM,EAAE,GAAG,EAAE,WAAW,EAAE,sBAAsB,EAAC,CAAC;IAChE,YAAY,CAAC,EAAC,KAAK,EAAE,eAAe,EAAC,CAAC;IACtC,eAAe,CAAC,EAAE,IAAI,EAAE,IAAI,EAAE,QAAQ,EAAE,IAAI,EAAE,IAAI,EAAE,MAAM,EAAE,WAAW,EAAE,0BAA0B,EAAE,CAAC;IACtG,MAAM,CAAC,KAAK,CAAC;IACN,WAAA,KAAK,CAAC,IAAI,CAAC,CAAA;;;;6CAElB;AAMD;IAJC,WAAW,CAAC,EAAE,MAAM,EAAE,GAAG,EAAE,WAAW,EAAE,sBAAsB,EAAC,CAAC;IAChE,YAAY,CAAC,EAAC,KAAK,EAAE,eAAe,EAAC,CAAC;IACtC,eAAe,CAAC,EAAE,IAAI,EAAE,IAAI,EAAE,QAAQ,EAAE,IAAI,EAAE,IAAI,EAAE,MAAM,EAAE,WAAW,EAAE,0BAA0B,EAAE,CAAC;IACtG,GAAG,CAAC,KAAK,CAAC;IACH,WAAA,KAAK,CAAC,IAAI,CAAC,CAAA,EAAa,WAAA,IAAI,EAAE,CAAA;;iEAAa,aAAa,oBAAb,aAAa;;6CAE/D;AAxCQ,eAAe;IAD3B,UAAU,CAAC,OAAO,CAAC;yDAG0B,YAAY,oBAAZ,YAAY;GAF7C,eAAe,CAyC3B;SAzCY,eAAe","sourcesContent":["import { Controller, Get, Post, Body, Delete, Param, Put } from '@nestjs/common';\r\nimport {CreateUserDto} from './dto/create-user.dto'\r\nimport { ApiResponse, ApiOperation, ApiImplicitBody } from '@nestjs/swagger';\r\n\r\nimport {UsersService} from './users.service'\r\n\r\n@Controller('users')\r\nexport class UsersController {\r\n\r\n    constructor(public readonly usersService: UsersService){}\r\n\r\n    @ApiResponse({ status: 201, description: 'The record has been successfully created.'})\r\n    @ApiOperation({title: \"Creates a user\"})\r\n    @Post()\r\n    create(@Body() createUserDto:CreateUserDto){\r\n        return this.usersService.create(createUserDto);\r\n    }\r\n\r\n    @ApiResponse({ status: 200, description: 'Successful response'})\r\n    @ApiOperation({title: \"Get all users\"})\r\n    @Get()\r\n    findAll(){\r\n        return this.usersService.findAll() ;\r\n    }\r\n\r\n    @ApiResponse({ status: 200, description: 'Successful response'})\r\n    @ApiOperation({title: \"Get specific user\"})\r\n    @ApiImplicitBody({ name: \"id\", required: true, type: String, description: \"id of the user to retrieve\" })\r\n    @Get(':id')\r\n    find(@Param('id') id:string){ \r\n        return this.usersService.find(id);\r\n    }\r\n\r\n    @ApiResponse({ status: 200, description: 'successfully deleted'})\r\n    @ApiOperation({title: \"Delete a user\"})\r\n    @ApiImplicitBody({ name: \"id\", required: true, type: String, description: \"id of the user to delete\" })\r\n    @Delete(':id')\r\n    delete(@Param('id') id:string){ \r\n        return this.usersService.delete(id);\r\n    }\r\n\r\n    @ApiResponse({ status: 200, description: 'successfully updated'})\r\n    @ApiOperation({title: \"Update a user\"})\r\n    @ApiImplicitBody({ name: \"id\", required: true, type: String, description: \"id of the user to update\" })\r\n    @Put(':id')\r\n    update(@Param('id') id:string, @Body() updatedUser:CreateUserDto ){\r\n        return this.usersService.update(id, updatedUser);\r\n    }\r\n}\r\n"]},"_coverageSchema":"332fd63041d2c1bcb487cc26dd0d5f7d97098a6c","hash":"12787696da23bbb20997127f75f07e67fe17c893"}
,"C:\\Users\\santiago\\Documents\\Semestre 8\\Praxis-Homework\\src\\users\\users.service.ts": {"path":"C:\\Users\\santiago\\Documents\\Semestre 8\\Praxis-Homework\\src\\users\\users.service.ts","statementMap":{"0":{"start":{"line":1,"column":17},"end":{"line":6,"column":1}},"1":{"start":{"line":2,"column":12},"end":{"line":2,"column":28}},"2":{"start":{"line":2,"column":34},"end":{"line":2,"column":125}},"3":{"start":{"line":3,"column":4},"end":{"line":4,"column":150}},"4":{"start":{"line":3,"column":79},"end":{"line":3,"column":131}},"5":{"start":{"line":4,"column":9},"end":{"line":4,"column":150}},"6":{"start":{"line":4,"column":58},"end":{"line":4,"column":150}},"7":{"start":{"line":4,"column":81},"end":{"line":4,"column":150}},"8":{"start":{"line":5,"column":4},"end":{"line":5,"column":66}},"9":{"start":{"line":7,"column":17},"end":{"line":9,"column":1}},"10":{"start":{"line":8,"column":4},"end":{"line":8,"column":109}},"11":{"start":{"line":8,"column":79},"end":{"line":8,"column":109}},"12":{"start":{"line":10,"column":14},"end":{"line":12,"column":1}},"13":{"start":{"line":11,"column":4},"end":{"line":11,"column":73}},"14":{"start":{"line":11,"column":36},"end":{"line":11,"column":71}},"15":{"start":{"line":13,"column":16},"end":{"line":20,"column":1}},"16":{"start":{"line":14,"column":4},"end":{"line":19,"column":7}},"17":{"start":{"line":15,"column":36},"end":{"line":15,"column":97}},"18":{"start":{"line":15,"column":42},"end":{"line":15,"column":70}},"19":{"start":{"line":15,"column":85},"end":{"line":15,"column":95}},"20":{"start":{"line":16,"column":35},"end":{"line":16,"column":100}},"21":{"start":{"line":16,"column":41},"end":{"line":16,"column":73}},"22":{"start":{"line":16,"column":88},"end":{"line":16,"column":98}},"23":{"start":{"line":17,"column":32},"end":{"line":17,"column":149}},"24":{"start":{"line":17,"column":97},"end":{"line":17,"column":119}},"25":{"start":{"line":18,"column":8},"end":{"line":18,"column":78}},"26":{"start":{"line":25,"column":19},"end":{"line":55,"column":1}},"27":{"start":{"line":27,"column":8},"end":{"line":27,"column":35}},"28":{"start":{"line":30,"column":8},"end":{"line":33,"column":11}},"29":{"start":{"line":31,"column":32},"end":{"line":31,"column":65}},"30":{"start":{"line":32,"column":12},"end":{"line":32,"column":44}},"31":{"start":{"line":36,"column":8},"end":{"line":38,"column":11}},"32":{"start":{"line":37,"column":12},"end":{"line":37,"column":54}},"33":{"start":{"line":41,"column":8},"end":{"line":43,"column":11}},"34":{"start":{"line":42,"column":12},"end":{"line":42,"column":60}},"35":{"start":{"line":46,"column":8},"end":{"line":48,"column":11}},"36":{"start":{"line":47,"column":12},"end":{"line":47,"column":62}},"37":{"start":{"line":51,"column":8},"end":{"line":53,"column":11}},"38":{"start":{"line":52,"column":12},"end":{"line":52,"column":85}},"39":{"start":{"line":56,"column":0},"end":{"line":60,"column":17}}},"fnMap":{"0":{"name":"(anonymous_0)","decl":{"start":{"line":1,"column":46},"end":{"line":1,"column":47}},"loc":{"start":{"line":1,"column":87},"end":{"line":6,"column":1}},"line":1},"1":{"name":"(anonymous_1)","decl":{"start":{"line":7,"column":46},"end":{"line":7,"column":47}},"loc":{"start":{"line":7,"column":62},"end":{"line":9,"column":1}},"line":7},"2":{"name":"(anonymous_2)","decl":{"start":{"line":10,"column":40},"end":{"line":10,"column":41}},"loc":{"start":{"line":10,"column":73},"end":{"line":12,"column":1}},"line":10},"3":{"name":"(anonymous_3)","decl":{"start":{"line":11,"column":11},"end":{"line":11,"column":12}},"loc":{"start":{"line":11,"column":34},"end":{"line":11,"column":73}},"line":11},"4":{"name":"(anonymous_4)","decl":{"start":{"line":13,"column":44},"end":{"line":13,"column":45}},"loc":{"start":{"line":13,"column":89},"end":{"line":20,"column":1}},"line":13},"5":{"name":"(anonymous_5)","decl":{"start":{"line":14,"column":36},"end":{"line":14,"column":37}},"loc":{"start":{"line":14,"column":63},"end":{"line":19,"column":5}},"line":14},"6":{"name":"fulfilled","decl":{"start":{"line":15,"column":17},"end":{"line":15,"column":26}},"loc":{"start":{"line":15,"column":34},"end":{"line":15,"column":99}},"line":15},"7":{"name":"rejected","decl":{"start":{"line":16,"column":17},"end":{"line":16,"column":25}},"loc":{"start":{"line":16,"column":33},"end":{"line":16,"column":102}},"line":16},"8":{"name":"step","decl":{"start":{"line":17,"column":17},"end":{"line":17,"column":21}},"loc":{"start":{"line":17,"column":30},"end":{"line":17,"column":151}},"line":17},"9":{"name":"(anonymous_9)","decl":{"start":{"line":17,"column":76},"end":{"line":17,"column":77}},"loc":{"start":{"line":17,"column":95},"end":{"line":17,"column":121}},"line":17},"10":{"name":"(anonymous_10)","decl":{"start":{"line":26,"column":4},"end":{"line":26,"column":5}},"loc":{"start":{"line":26,"column":27},"end":{"line":28,"column":5}},"line":26},"11":{"name":"(anonymous_11)","decl":{"start":{"line":29,"column":4},"end":{"line":29,"column":5}},"loc":{"start":{"line":29,"column":26},"end":{"line":34,"column":5}},"line":29},"12":{"name":"(anonymous_12)","decl":{"start":{"line":30,"column":47},"end":{"line":30,"column":48}},"loc":{"start":{"line":30,"column":60},"end":{"line":33,"column":9}},"line":30},"13":{"name":"(anonymous_13)","decl":{"start":{"line":35,"column":4},"end":{"line":35,"column":5}},"loc":{"start":{"line":35,"column":14},"end":{"line":39,"column":5}},"line":35},"14":{"name":"(anonymous_14)","decl":{"start":{"line":36,"column":47},"end":{"line":36,"column":48}},"loc":{"start":{"line":36,"column":60},"end":{"line":38,"column":9}},"line":36},"15":{"name":"(anonymous_15)","decl":{"start":{"line":40,"column":4},"end":{"line":40,"column":5}},"loc":{"start":{"line":40,"column":13},"end":{"line":44,"column":5}},"line":40},"16":{"name":"(anonymous_16)","decl":{"start":{"line":41,"column":47},"end":{"line":41,"column":48}},"loc":{"start":{"line":41,"column":60},"end":{"line":43,"column":9}},"line":41},"17":{"name":"(anonymous_17)","decl":{"start":{"line":45,"column":4},"end":{"line":45,"column":5}},"loc":{"start":{"line":45,"column":15},"end":{"line":49,"column":5}},"line":45},"18":{"name":"(anonymous_18)","decl":{"start":{"line":46,"column":47},"end":{"line":46,"column":48}},"loc":{"start":{"line":46,"column":60},"end":{"line":48,"column":9}},"line":46},"19":{"name":"(anonymous_19)","decl":{"start":{"line":50,"column":4},"end":{"line":50,"column":5}},"loc":{"start":{"line":50,"column":23},"end":{"line":54,"column":5}},"line":50},"20":{"name":"(anonymous_20)","decl":{"start":{"line":51,"column":47},"end":{"line":51,"column":48}},"loc":{"start":{"line":51,"column":60},"end":{"line":53,"column":9}},"line":51}},"branchMap":{"0":{"loc":{"start":{"line":1,"column":17},"end":{"line":6,"column":1}},"type":"binary-expr","locations":[{"start":{"line":1,"column":18},"end":{"line":1,"column":22}},{"start":{"line":1,"column":26},"end":{"line":1,"column":41}},{"start":{"line":1,"column":46},"end":{"line":6,"column":1}}],"line":1},"1":{"loc":{"start":{"line":2,"column":34},"end":{"line":2,"column":125}},"type":"cond-expr","locations":[{"start":{"line":2,"column":42},"end":{"line":2,"column":48}},{"start":{"line":2,"column":51},"end":{"line":2,"column":125}}],"line":2},"2":{"loc":{"start":{"line":2,"column":51},"end":{"line":2,"column":125}},"type":"cond-expr","locations":[{"start":{"line":2,"column":67},"end":{"line":2,"column":118}},{"start":{"line":2,"column":121},"end":{"line":2,"column":125}}],"line":2},"3":{"loc":{"start":{"line":3,"column":4},"end":{"line":4,"column":150}},"type":"if","locations":[{"start":{"line":3,"column":4},"end":{"line":4,"column":150}},{"start":{"line":3,"column":4},"end":{"line":4,"column":150}}],"line":3},"4":{"loc":{"start":{"line":3,"column":8},"end":{"line":3,"column":77}},"type":"binary-expr","locations":[{"start":{"line":3,"column":8},"end":{"line":3,"column":35}},{"start":{"line":3,"column":39},"end":{"line":3,"column":77}}],"line":3},"5":{"loc":{"start":{"line":4,"column":58},"end":{"line":4,"column":150}},"type":"if","locations":[{"start":{"line":4,"column":58},"end":{"line":4,"column":150}},{"start":{"line":4,"column":58},"end":{"line":4,"column":150}}],"line":4},"6":{"loc":{"start":{"line":4,"column":85},"end":{"line":4,"column":149}},"type":"binary-expr","locations":[{"start":{"line":4,"column":86},"end":{"line":4,"column":143}},{"start":{"line":4,"column":148},"end":{"line":4,"column":149}}],"line":4},"7":{"loc":{"start":{"line":4,"column":86},"end":{"line":4,"column":143}},"type":"cond-expr","locations":[{"start":{"line":4,"column":94},"end":{"line":4,"column":98}},{"start":{"line":4,"column":101},"end":{"line":4,"column":143}}],"line":4},"8":{"loc":{"start":{"line":4,"column":101},"end":{"line":4,"column":143}},"type":"cond-expr","locations":[{"start":{"line":4,"column":109},"end":{"line":4,"column":126}},{"start":{"line":4,"column":129},"end":{"line":4,"column":143}}],"line":4},"9":{"loc":{"start":{"line":5,"column":11},"end":{"line":5,"column":62}},"type":"binary-expr","locations":[{"start":{"line":5,"column":11},"end":{"line":5,"column":16}},{"start":{"line":5,"column":20},"end":{"line":5,"column":21}},{"start":{"line":5,"column":25},"end":{"line":5,"column":62}}],"line":5},"10":{"loc":{"start":{"line":7,"column":17},"end":{"line":9,"column":1}},"type":"binary-expr","locations":[{"start":{"line":7,"column":18},"end":{"line":7,"column":22}},{"start":{"line":7,"column":26},"end":{"line":7,"column":41}},{"start":{"line":7,"column":46},"end":{"line":9,"column":1}}],"line":7},"11":{"loc":{"start":{"line":8,"column":4},"end":{"line":8,"column":109}},"type":"if","locations":[{"start":{"line":8,"column":4},"end":{"line":8,"column":109}},{"start":{"line":8,"column":4},"end":{"line":8,"column":109}}],"line":8},"12":{"loc":{"start":{"line":8,"column":8},"end":{"line":8,"column":77}},"type":"binary-expr","locations":[{"start":{"line":8,"column":8},"end":{"line":8,"column":35}},{"start":{"line":8,"column":39},"end":{"line":8,"column":77}}],"line":8},"13":{"loc":{"start":{"line":10,"column":14},"end":{"line":12,"column":1}},"type":"binary-expr","locations":[{"start":{"line":10,"column":15},"end":{"line":10,"column":19}},{"start":{"line":10,"column":23},"end":{"line":10,"column":35}},{"start":{"line":10,"column":40},"end":{"line":12,"column":1}}],"line":10},"14":{"loc":{"start":{"line":13,"column":16},"end":{"line":20,"column":1}},"type":"binary-expr","locations":[{"start":{"line":13,"column":17},"end":{"line":13,"column":21}},{"start":{"line":13,"column":25},"end":{"line":13,"column":39}},{"start":{"line":13,"column":44},"end":{"line":20,"column":1}}],"line":13},"15":{"loc":{"start":{"line":14,"column":16},"end":{"line":14,"column":34}},"type":"binary-expr","locations":[{"start":{"line":14,"column":16},"end":{"line":14,"column":17}},{"start":{"line":14,"column":22},"end":{"line":14,"column":33}}],"line":14},"16":{"loc":{"start":{"line":17,"column":32},"end":{"line":17,"column":148}},"type":"cond-expr","locations":[{"start":{"line":17,"column":46},"end":{"line":17,"column":67}},{"start":{"line":17,"column":70},"end":{"line":17,"column":148}}],"line":17},"17":{"loc":{"start":{"line":18,"column":51},"end":{"line":18,"column":67}},"type":"binary-expr","locations":[{"start":{"line":18,"column":51},"end":{"line":18,"column":61}},{"start":{"line":18,"column":65},"end":{"line":18,"column":67}}],"line":18},"18":{"loc":{"start":{"line":59,"column":37},"end":{"line":59,"column":119}},"type":"binary-expr","locations":[{"start":{"line":59,"column":37},"end":{"line":59,"column":103}},{"start":{"line":59,"column":107},"end":{"line":59,"column":109}},{"start":{"line":59,"column":113},"end":{"line":59,"column":119}}],"line":59},"19":{"loc":{"start":{"line":59,"column":50},"end":{"line":59,"column":87}},"type":"binary-expr","locations":[{"start":{"line":59,"column":50},"end":{"line":59,"column":78}},{"start":{"line":59,"column":82},"end":{"line":59,"column":87}}],"line":59}},"s":{"0":2,"1":2,"2":2,"3":2,"4":2,"5":0,"6":0,"7":0,"8":2,"9":2,"10":2,"11":2,"12":2,"13":2,"14":2,"15":2,"16":0,"17":0,"18":0,"19":0,"20":0,"21":0,"22":0,"23":0,"24":0,"25":0,"26":2,"27":4,"28":0,"29":0,"30":0,"31":0,"32":0,"33":0,"34":0,"35":0,"36":0,"37":0,"38":0,"39":2},"f":{"0":2,"1":2,"2":2,"3":2,"4":0,"5":0,"6":0,"7":0,"8":0,"9":0,"10":4,"11":0,"12":0,"13":0,"14":0,"15":0,"16":0,"17":0,"18":0,"19":0,"20":0},"b":{"0":[2,0,2],"1":[2,0],"2":[0,0],"3":[2,0],"4":[2,2],"5":[0,0],"6":[0,0],"7":[0,0],"8":[0,0],"9":[2,0,0],"10":[2,0,2],"11":[2,0],"12":[2,2],"13":[2,0,2],"14":[2,0,2],"15":[0,0],"16":[0,0],"17":[0,0],"18":[2,2,0],"19":[2,2]},"inputSourceMap":{"version":3,"file":"users.service.js","sourceRoot":"","sources":["users.service.ts"],"names":[],"mappings":";;;;;;;;;;;;;;;;;;;;;AAAA,OAAO,EAAE,UAAU,EAAE,MAAM,gBAAgB,CAAC;AAC5C,OAAO,EAAE,WAAW,EAAE,MAAM,kBAAkB,CAAC;AAE/C,OAAO,EAAE,KAAK,EAAE,MAAM,UAAU,CAAC;AAGjC,IAAa,YAAY,GAAzB;IACI,YAAkD,SAAsB;QAAtB,cAAS,GAAT,SAAS,CAAa;IAAE,CAAC;IAErE,MAAM,CAAC,aAA6B;;YACtC,MAAM,WAAW,GAAG,IAAI,IAAI,CAAC,SAAS,CAAC,aAAa,CAAC,CAAA;YACrD,OAAO,MAAM,WAAW,CAAC,IAAI,EAAE,CAAC;QACpC,CAAC;KAAA;IAEK,OAAO;;YACT,OAAO,MAAM,IAAI,CAAC,SAAS,CAAC,IAAI,EAAE,CAAC,IAAI,EAAE,CAAC;QAC9C,CAAC;KAAA;IAEK,IAAI,CAAC,EAAS;;YAChB,OAAO,MAAM,IAAI,CAAC,SAAS,CAAC,QAAQ,CAAC,EAAE,CAAC,CAAC,IAAI,EAAE,CAAC;QACpD,CAAC;KAAA;IAEK,MAAM,CAAC,EAAS;;YAClB,OAAO,MAAM,IAAI,CAAC,SAAS,CAAC,iBAAiB,CAAC,EAAE,CAAC,CAAC;QACtD,CAAC;KAAA;IAEK,MAAM,CAAC,EAAS,EAAE,MAAa;;YACjC,OAAO,MAAM,IAAI,CAAC,SAAS,CAAC,iBAAiB,CAAC,EAAE,EAAC,MAAM,EAAC,EAAC,GAAG,EAAE,IAAI,EAAC,CAAC,CAAA;QACvE,CAAC;KAAA;CAEL,CAAA;AAxBY,YAAY;IADxB,UAAU,EAAE;IAEI,WAAA,WAAW,CAAC,MAAM,CAAC,CAAA;yDAA6B,KAAK,oBAAL,KAAK;GADzD,YAAY,CAwBxB;SAxBY,YAAY","sourcesContent":["import { Injectable } from '@nestjs/common';\r\nimport { InjectModel } from '@nestjs/mongoose';\r\nimport {User} from './interfaces/user.interface';\r\nimport { Model } from 'mongoose';\r\nimport {CreateUserDto} from './dto/create-user.dto'\r\n@Injectable()\r\nexport class UsersService {\r\n    constructor(@InjectModel('User') private readonly userModel: Model<User>){}\r\n\r\n    async create(createUserDto : CreateUserDto): Promise<User>{\r\n        const createdUser = new this.userModel(createUserDto)\r\n        return await createdUser.save();\r\n    }\r\n\r\n    async findAll(): Promise<User[]>{\r\n        return await this.userModel.find().exec();\r\n    }\r\n\r\n    async find(id:string){\r\n        return await this.userModel.findById(id).exec();\r\n    } \r\n\r\n    async delete(id:string){\r\n        return await this.userModel.findByIdAndRemove(id);\r\n    } \r\n\r\n    async update(id:string, params:object){\r\n        return await this.userModel.findByIdAndUpdate(id,params,{new: true})\r\n     }\r\n\r\n}\r\n"]},"_coverageSchema":"332fd63041d2c1bcb487cc26dd0d5f7d97098a6c","hash":"91f0a8d16a07b009dbd5e268dc894b08e8412cc0"}
,"C:\\Users\\santiago\\Documents\\Semestre 8\\Praxis-Homework\\src\\users\\dto\\create-user.dto.ts": {"path":"C:\\Users\\santiago\\Documents\\Semestre 8\\Praxis-Homework\\src\\users\\dto\\create-user.dto.ts","statementMap":{"0":{"start":{"line":1,"column":17},"end":{"line":6,"column":1}},"1":{"start":{"line":2,"column":12},"end":{"line":2,"column":28}},"2":{"start":{"line":2,"column":34},"end":{"line":2,"column":125}},"3":{"start":{"line":3,"column":4},"end":{"line":4,"column":150}},"4":{"start":{"line":3,"column":79},"end":{"line":3,"column":131}},"5":{"start":{"line":4,"column":9},"end":{"line":4,"column":150}},"6":{"start":{"line":4,"column":58},"end":{"line":4,"column":150}},"7":{"start":{"line":4,"column":81},"end":{"line":4,"column":150}},"8":{"start":{"line":5,"column":4},"end":{"line":5,"column":66}},"9":{"start":{"line":7,"column":17},"end":{"line":9,"column":1}},"10":{"start":{"line":8,"column":4},"end":{"line":8,"column":109}},"11":{"start":{"line":8,"column":79},"end":{"line":8,"column":109}},"12":{"start":{"line":13,"column":0},"end":{"line":16,"column":48}},"13":{"start":{"line":17,"column":0},"end":{"line":20,"column":44}}},"fnMap":{"0":{"name":"(anonymous_0)","decl":{"start":{"line":1,"column":46},"end":{"line":1,"column":47}},"loc":{"start":{"line":1,"column":87},"end":{"line":6,"column":1}},"line":1},"1":{"name":"(anonymous_1)","decl":{"start":{"line":7,"column":46},"end":{"line":7,"column":47}},"loc":{"start":{"line":7,"column":62},"end":{"line":9,"column":1}},"line":7}},"branchMap":{"0":{"loc":{"start":{"line":1,"column":17},"end":{"line":6,"column":1}},"type":"binary-expr","locations":[{"start":{"line":1,"column":18},"end":{"line":1,"column":22}},{"start":{"line":1,"column":26},"end":{"line":1,"column":41}},{"start":{"line":1,"column":46},"end":{"line":6,"column":1}}],"line":1},"1":{"loc":{"start":{"line":2,"column":34},"end":{"line":2,"column":125}},"type":"cond-expr","locations":[{"start":{"line":2,"column":42},"end":{"line":2,"column":48}},{"start":{"line":2,"column":51},"end":{"line":2,"column":125}}],"line":2},"2":{"loc":{"start":{"line":2,"column":51},"end":{"line":2,"column":125}},"type":"cond-expr","locations":[{"start":{"line":2,"column":67},"end":{"line":2,"column":118}},{"start":{"line":2,"column":121},"end":{"line":2,"column":125}}],"line":2},"3":{"loc":{"start":{"line":3,"column":4},"end":{"line":4,"column":150}},"type":"if","locations":[{"start":{"line":3,"column":4},"end":{"line":4,"column":150}},{"start":{"line":3,"column":4},"end":{"line":4,"column":150}}],"line":3},"4":{"loc":{"start":{"line":3,"column":8},"end":{"line":3,"column":77}},"type":"binary-expr","locations":[{"start":{"line":3,"column":8},"end":{"line":3,"column":35}},{"start":{"line":3,"column":39},"end":{"line":3,"column":77}}],"line":3},"5":{"loc":{"start":{"line":4,"column":58},"end":{"line":4,"column":150}},"type":"if","locations":[{"start":{"line":4,"column":58},"end":{"line":4,"column":150}},{"start":{"line":4,"column":58},"end":{"line":4,"column":150}}],"line":4},"6":{"loc":{"start":{"line":4,"column":85},"end":{"line":4,"column":149}},"type":"binary-expr","locations":[{"start":{"line":4,"column":86},"end":{"line":4,"column":143}},{"start":{"line":4,"column":148},"end":{"line":4,"column":149}}],"line":4},"7":{"loc":{"start":{"line":4,"column":86},"end":{"line":4,"column":143}},"type":"cond-expr","locations":[{"start":{"line":4,"column":94},"end":{"line":4,"column":98}},{"start":{"line":4,"column":101},"end":{"line":4,"column":143}}],"line":4},"8":{"loc":{"start":{"line":4,"column":101},"end":{"line":4,"column":143}},"type":"cond-expr","locations":[{"start":{"line":4,"column":109},"end":{"line":4,"column":126}},{"start":{"line":4,"column":129},"end":{"line":4,"column":143}}],"line":4},"9":{"loc":{"start":{"line":5,"column":11},"end":{"line":5,"column":62}},"type":"binary-expr","locations":[{"start":{"line":5,"column":11},"end":{"line":5,"column":16}},{"start":{"line":5,"column":20},"end":{"line":5,"column":21}},{"start":{"line":5,"column":25},"end":{"line":5,"column":62}}],"line":5},"10":{"loc":{"start":{"line":7,"column":17},"end":{"line":9,"column":1}},"type":"binary-expr","locations":[{"start":{"line":7,"column":18},"end":{"line":7,"column":22}},{"start":{"line":7,"column":26},"end":{"line":7,"column":41}},{"start":{"line":7,"column":46},"end":{"line":9,"column":1}}],"line":7},"11":{"loc":{"start":{"line":8,"column":4},"end":{"line":8,"column":109}},"type":"if","locations":[{"start":{"line":8,"column":4},"end":{"line":8,"column":109}},{"start":{"line":8,"column":4},"end":{"line":8,"column":109}}],"line":8},"12":{"loc":{"start":{"line":8,"column":8},"end":{"line":8,"column":77}},"type":"binary-expr","locations":[{"start":{"line":8,"column":8},"end":{"line":8,"column":35}},{"start":{"line":8,"column":39},"end":{"line":8,"column":77}}],"line":8}},"s":{"0":2,"1":4,"2":4,"3":4,"4":4,"5":0,"6":0,"7":0,"8":4,"9":2,"10":4,"11":4,"12":2,"13":2},"f":{"0":4,"1":4},"b":{"0":[2,0,2],"1":[0,4],"2":[0,4],"3":[4,0],"4":[4,4],"5":[0,0],"6":[0,0],"7":[0,0],"8":[0,0],"9":[4,4,0],"10":[2,0,2],"11":[4,0],"12":[4,4]},"inputSourceMap":{"version":3,"file":"create-user.dto.js","sourceRoot":"","sources":["create-user.dto.ts"],"names":[],"mappings":";;;;;;;;;AAAA,OAAO,EAAE,gBAAgB,EAAE,MAAM,iBAAiB,CAAC;AAEnD,MAAM;CAML;AAJG;IADC,gBAAgB,EAAE;;+CACO;AAG1B;IADC,gBAAgB,EAAE;;2CACG","sourcesContent":["import { ApiModelProperty } from '@nestjs/swagger';\r\n\r\nexport class CreateUserDto{\r\n    @ApiModelProperty()\r\n    readonly username: string;\r\n\r\n    @ApiModelProperty()\r\n    readonly name: string;\r\n}"]},"_coverageSchema":"332fd63041d2c1bcb487cc26dd0d5f7d97098a6c","hash":"5cdb2fb900f8fcae6db78a93e011bdd69811e4b9"}
}
