TN:
SF:C:\Users\santiago\Documents\Semestre 8\Praxis-Homework\src\app.controller.ts
FN:1,(anonymous_0)
FN:7,(anonymous_1)
FN:14,(anonymous_2)
FN:17,(anonymous_3)
FNF:4
FNH:4
FNDA:2,(anonymous_0)
FNDA:4,(anonymous_1)
FNDA:1,(anonymous_2)
FNDA:1,(anonymous_3)
DA:1,1
DA:2,2
DA:3,2
DA:4,0
DA:5,2
DA:7,1
DA:8,4
DA:13,1
DA:15,1
DA:18,1
DA:21,1
DA:27,1
LF:12
LH:11
BRDA:1,0,0,1
BRDA:1,0,1,0
BRDA:1,0,2,1
BRDA:2,1,0,1
BRDA:2,1,1,1
BRDA:2,2,0,1
BRDA:2,2,1,0
BRDA:3,3,0,2
BRDA:3,3,1,0
BRDA:3,4,0,2
BRDA:3,4,1,2
BRDA:4,5,0,0
BRDA:4,5,1,0
BRDA:4,6,0,0
BRDA:4,6,1,0
BRDA:4,7,0,0
BRDA:4,7,1,0
BRDA:4,8,0,0
BRDA:4,8,1,0
BRDA:5,9,0,2
BRDA:5,9,1,1
BRDA:5,9,2,1
BRDA:7,10,0,1
BRDA:7,10,1,0
BRDA:7,10,2,1
BRDA:8,11,0,4
BRDA:8,11,1,0
BRDA:8,12,0,4
BRDA:8,12,1,4
BRDA:25,13,0,1
BRDA:25,13,1,1
BRDA:25,13,2,0
BRDA:25,14,0,1
BRDA:25,14,1,1
BRDA:29,15,0,1
BRDA:29,15,1,1
BRDA:29,15,2,0
BRDA:29,16,0,1
BRDA:29,16,1,1
BRF:39
BRH:24
end_of_record
TN:
SF:C:\Users\santiago\Documents\Semestre 8\Praxis-Homework\src\app.service.ts
FN:1,(anonymous_0)
FN:9,(anonymous_1)
FNF:2
FNH:2
FNDA:1,(anonymous_0)
FNDA:1,(anonymous_1)
DA:1,1
DA:2,1
DA:3,1
DA:4,0
DA:5,1
DA:8,1
DA:10,1
DA:13,1
LF:8
LH:7
BRDA:1,0,0,1
BRDA:1,0,1,0
BRDA:1,0,2,1
BRDA:2,1,0,1
BRDA:2,1,1,0
BRDA:2,2,0,0
BRDA:2,2,1,0
BRDA:3,3,0,1
BRDA:3,3,1,0
BRDA:3,4,0,1
BRDA:3,4,1,1
BRDA:4,5,0,0
BRDA:4,5,1,0
BRDA:4,6,0,0
BRDA:4,6,1,0
BRDA:4,7,0,0
BRDA:4,7,1,0
BRDA:4,8,0,0
BRDA:4,8,1,0
BRDA:5,9,0,1
BRDA:5,9,1,0
BRDA:5,9,2,0
BRF:22
BRH:7
end_of_record
TN:
SF:C:\Users\santiago\Documents\Semestre 8\Praxis-Homework\src\notes\notes.controller.ts
FN:1,(anonymous_0)
FN:7,(anonymous_1)
FN:10,(anonymous_2)
FN:11,(anonymous_3)
FN:19,(anonymous_4)
FN:22,(anonymous_5)
FN:25,(anonymous_6)
FN:28,(anonymous_7)
FN:31,(anonymous_8)
FN:34,(anonymous_9)
FNF:10
FNH:10
FNDA:6,(anonymous_0)
FNDA:16,(anonymous_1)
FNDA:5,(anonymous_2)
FNDA:5,(anonymous_3)
FNDA:2,(anonymous_4)
FNDA:1,(anonymous_5)
FNDA:1,(anonymous_6)
FNDA:1,(anonymous_7)
FNDA:1,(anonymous_8)
FNDA:1,(anonymous_9)
DA:1,1
DA:2,6
DA:3,6
DA:4,0
DA:5,6
DA:7,1
DA:8,16
DA:10,1
DA:11,5
DA:18,1
DA:20,2
DA:23,1
DA:26,1
DA:29,1
DA:32,1
DA:35,1
DA:38,1
DA:47,1
DA:55,1
DA:65,1
DA:75,1
DA:85,1
LF:22
LH:21
BRDA:1,0,0,1
BRDA:1,0,1,0
BRDA:1,0,2,1
BRDA:2,1,0,1
BRDA:2,1,1,5
BRDA:2,2,0,5
BRDA:2,2,1,0
BRDA:3,3,0,6
BRDA:3,3,1,0
BRDA:3,4,0,6
BRDA:3,4,1,6
BRDA:4,5,0,0
BRDA:4,5,1,0
BRDA:4,6,0,0
BRDA:4,6,1,0
BRDA:4,7,0,0
BRDA:4,7,1,0
BRDA:4,8,0,0
BRDA:4,8,1,0
BRDA:5,9,0,6
BRDA:5,9,1,5
BRDA:5,9,2,5
BRDA:7,10,0,1
BRDA:7,10,1,0
BRDA:7,10,2,1
BRDA:8,11,0,16
BRDA:8,11,1,0
BRDA:8,12,0,16
BRDA:8,12,1,16
BRDA:10,13,0,1
BRDA:10,13,1,0
BRDA:10,13,2,1
BRDA:44,14,0,1
BRDA:44,14,1,1
BRDA:44,14,2,0
BRDA:44,15,0,1
BRDA:44,15,1,1
BRDA:82,16,0,1
BRDA:82,16,1,1
BRDA:82,16,2,0
BRDA:82,17,0,1
BRDA:82,17,1,1
BRDA:87,18,0,1
BRDA:87,18,1,1
BRDA:87,18,2,0
BRDA:87,19,0,1
BRDA:87,19,1,1
BRF:47
BRH:30
end_of_record
TN:
SF:C:\Users\santiago\Documents\Semestre 8\Praxis-Homework\src\notes\notes.service.ts
FN:1,(anonymous_0)
FN:7,(anonymous_1)
FN:10,(anonymous_2)
FN:11,(anonymous_3)
FN:13,(anonymous_4)
FN:14,(anonymous_5)
FN:15,fulfilled
FN:16,rejected
FN:17,step
FN:17,(anonymous_9)
FN:26,(anonymous_10)
FN:29,(anonymous_11)
FN:30,(anonymous_12)
FN:35,(anonymous_13)
FN:36,(anonymous_14)
FN:40,(anonymous_15)
FN:41,(anonymous_16)
FN:45,(anonymous_17)
FN:46,(anonymous_18)
FN:50,(anonymous_19)
FN:51,(anonymous_20)
FNF:21
FNH:5
FNDA:2,(anonymous_0)
FNDA:2,(anonymous_1)
FNDA:2,(anonymous_2)
FNDA:2,(anonymous_3)
FNDA:0,(anonymous_4)
FNDA:0,(anonymous_5)
FNDA:0,fulfilled
FNDA:0,rejected
FNDA:0,step
FNDA:0,(anonymous_9)
FNDA:4,(anonymous_10)
FNDA:0,(anonymous_11)
FNDA:0,(anonymous_12)
FNDA:0,(anonymous_13)
FNDA:0,(anonymous_14)
FNDA:0,(anonymous_15)
FNDA:0,(anonymous_16)
FNDA:0,(anonymous_17)
FNDA:0,(anonymous_18)
FNDA:0,(anonymous_19)
FNDA:0,(anonymous_20)
DA:1,2
DA:2,2
DA:3,2
DA:4,0
DA:5,2
DA:7,2
DA:8,2
DA:10,2
DA:11,2
DA:13,2
DA:14,0
DA:15,0
DA:16,0
DA:17,0
DA:18,0
DA:25,2
DA:27,4
DA:30,0
DA:31,0
DA:32,0
DA:36,0
DA:37,0
DA:41,0
DA:42,0
DA:46,0
DA:47,0
DA:51,0
DA:52,0
DA:56,2
LF:29
LH:12
BRDA:1,0,0,2
BRDA:1,0,1,0
BRDA:1,0,2,2
BRDA:2,1,0,2
BRDA:2,1,1,0
BRDA:2,2,0,0
BRDA:2,2,1,0
BRDA:3,3,0,2
BRDA:3,3,1,0
BRDA:3,4,0,2
BRDA:3,4,1,2
BRDA:4,5,0,0
BRDA:4,5,1,0
BRDA:4,6,0,0
BRDA:4,6,1,0
BRDA:4,7,0,0
BRDA:4,7,1,0
BRDA:4,8,0,0
BRDA:4,8,1,0
BRDA:5,9,0,2
BRDA:5,9,1,0
BRDA:5,9,2,0
BRDA:7,10,0,2
BRDA:7,10,1,0
BRDA:7,10,2,2
BRDA:8,11,0,2
BRDA:8,11,1,0
BRDA:8,12,0,2
BRDA:8,12,1,2
BRDA:10,13,0,2
BRDA:10,13,1,0
BRDA:10,13,2,2
BRDA:13,14,0,2
BRDA:13,14,1,0
BRDA:13,14,2,2
BRDA:14,15,0,0
BRDA:14,15,1,0
BRDA:17,16,0,0
BRDA:17,16,1,0
BRDA:18,17,0,0
BRDA:18,17,1,0
BRDA:59,18,0,2
BRDA:59,18,1,2
BRDA:59,18,2,0
BRDA:59,19,0,2
BRDA:59,19,1,2
BRF:46
BRH:20
end_of_record
TN:
SF:C:\Users\santiago\Documents\Semestre 8\Praxis-Homework\src\notes\dto\create-note.dto.ts
FN:1,(anonymous_0)
FN:7,(anonymous_1)
FNF:2
FNH:2
FNDA:4,(anonymous_0)
FNDA:4,(anonymous_1)
DA:1,2
DA:2,4
DA:3,4
DA:4,0
DA:5,4
DA:7,2
DA:8,4
DA:13,2
DA:17,2
LF:9
LH:8
BRDA:1,0,0,2
BRDA:1,0,1,0
BRDA:1,0,2,2
BRDA:2,1,0,0
BRDA:2,1,1,4
BRDA:2,2,0,0
BRDA:2,2,1,4
BRDA:3,3,0,4
BRDA:3,3,1,0
BRDA:3,4,0,4
BRDA:3,4,1,4
BRDA:4,5,0,0
BRDA:4,5,1,0
BRDA:4,6,0,0
BRDA:4,6,1,0
BRDA:4,7,0,0
BRDA:4,7,1,0
BRDA:4,8,0,0
BRDA:4,8,1,0
BRDA:5,9,0,4
BRDA:5,9,1,4
BRDA:5,9,2,0
BRDA:7,10,0,2
BRDA:7,10,1,0
BRDA:7,10,2,2
BRDA:8,11,0,4
BRDA:8,11,1,0
BRDA:8,12,0,4
BRDA:8,12,1,4
BRF:29
BRH:14
end_of_record
TN:
SF:C:\Users\santiago\Documents\Semestre 8\Praxis-Homework\src\users\users.controller.ts
FN:1,(anonymous_0)
FN:7,(anonymous_1)
FN:10,(anonymous_2)
FN:11,(anonymous_3)
FN:19,(anonymous_4)
FN:22,(anonymous_5)
FN:25,(anonymous_6)
FN:28,(anonymous_7)
FN:31,(anonymous_8)
FN:34,(anonymous_9)
FNF:10
FNH:10
FNDA:6,(anonymous_0)
FNDA:16,(anonymous_1)
FNDA:5,(anonymous_2)
FNDA:5,(anonymous_3)
FNDA:2,(anonymous_4)
FNDA:1,(anonymous_5)
FNDA:1,(anonymous_6)
FNDA:1,(anonymous_7)
FNDA:1,(anonymous_8)
FNDA:1,(anonymous_9)
DA:1,1
DA:2,6
DA:3,6
DA:4,0
DA:5,6
DA:7,1
DA:8,16
DA:10,1
DA:11,5
DA:18,1
DA:20,2
DA:23,1
DA:26,1
DA:29,1
DA:32,1
DA:35,1
DA:38,1
DA:47,1
DA:55,1
DA:65,1
DA:75,1
DA:85,1
LF:22
LH:21
BRDA:1,0,0,1
BRDA:1,0,1,0
BRDA:1,0,2,1
BRDA:2,1,0,1
BRDA:2,1,1,5
BRDA:2,2,0,5
BRDA:2,2,1,0
BRDA:3,3,0,6
BRDA:3,3,1,0
BRDA:3,4,0,6
BRDA:3,4,1,6
BRDA:4,5,0,0
BRDA:4,5,1,0
BRDA:4,6,0,0
BRDA:4,6,1,0
BRDA:4,7,0,0
BRDA:4,7,1,0
BRDA:4,8,0,0
BRDA:4,8,1,0
BRDA:5,9,0,6
BRDA:5,9,1,5
BRDA:5,9,2,5
BRDA:7,10,0,1
BRDA:7,10,1,0
BRDA:7,10,2,1
BRDA:8,11,0,16
BRDA:8,11,1,0
BRDA:8,12,0,16
BRDA:8,12,1,16
BRDA:10,13,0,1
BRDA:10,13,1,0
BRDA:10,13,2,1
BRDA:44,14,0,1
BRDA:44,14,1,1
BRDA:44,14,2,0
BRDA:44,15,0,1
BRDA:44,15,1,1
BRDA:82,16,0,1
BRDA:82,16,1,1
BRDA:82,16,2,0
BRDA:82,17,0,1
BRDA:82,17,1,1
BRDA:87,18,0,1
BRDA:87,18,1,1
BRDA:87,18,2,0
BRDA:87,19,0,1
BRDA:87,19,1,1
BRF:47
BRH:30
end_of_record
TN:
SF:C:\Users\santiago\Documents\Semestre 8\Praxis-Homework\src\users\users.service.ts
FN:1,(anonymous_0)
FN:7,(anonymous_1)
FN:10,(anonymous_2)
FN:11,(anonymous_3)
FN:13,(anonymous_4)
FN:14,(anonymous_5)
FN:15,fulfilled
FN:16,rejected
FN:17,step
FN:17,(anonymous_9)
FN:26,(anonymous_10)
FN:29,(anonymous_11)
FN:30,(anonymous_12)
FN:35,(anonymous_13)
FN:36,(anonymous_14)
FN:40,(anonymous_15)
FN:41,(anonymous_16)
FN:45,(anonymous_17)
FN:46,(anonymous_18)
FN:50,(anonymous_19)
FN:51,(anonymous_20)
FNF:21
FNH:5
FNDA:2,(anonymous_0)
FNDA:2,(anonymous_1)
FNDA:2,(anonymous_2)
FNDA:2,(anonymous_3)
FNDA:0,(anonymous_4)
FNDA:0,(anonymous_5)
FNDA:0,fulfilled
FNDA:0,rejected
FNDA:0,step
FNDA:0,(anonymous_9)
FNDA:4,(anonymous_10)
FNDA:0,(anonymous_11)
FNDA:0,(anonymous_12)
FNDA:0,(anonymous_13)
FNDA:0,(anonymous_14)
FNDA:0,(anonymous_15)
FNDA:0,(anonymous_16)
FNDA:0,(anonymous_17)
FNDA:0,(anonymous_18)
FNDA:0,(anonymous_19)
FNDA:0,(anonymous_20)
DA:1,2
DA:2,2
DA:3,2
DA:4,0
DA:5,2
DA:7,2
DA:8,2
DA:10,2
DA:11,2
DA:13,2
DA:14,0
DA:15,0
DA:16,0
DA:17,0
DA:18,0
DA:25,2
DA:27,4
DA:30,0
DA:31,0
DA:32,0
DA:36,0
DA:37,0
DA:41,0
DA:42,0
DA:46,0
DA:47,0
DA:51,0
DA:52,0
DA:56,2
LF:29
LH:12
BRDA:1,0,0,2
BRDA:1,0,1,0
BRDA:1,0,2,2
BRDA:2,1,0,2
BRDA:2,1,1,0
BRDA:2,2,0,0
BRDA:2,2,1,0
BRDA:3,3,0,2
BRDA:3,3,1,0
BRDA:3,4,0,2
BRDA:3,4,1,2
BRDA:4,5,0,0
BRDA:4,5,1,0
BRDA:4,6,0,0
BRDA:4,6,1,0
BRDA:4,7,0,0
BRDA:4,7,1,0
BRDA:4,8,0,0
BRDA:4,8,1,0
BRDA:5,9,0,2
BRDA:5,9,1,0
BRDA:5,9,2,0
BRDA:7,10,0,2
BRDA:7,10,1,0
BRDA:7,10,2,2
BRDA:8,11,0,2
BRDA:8,11,1,0
BRDA:8,12,0,2
BRDA:8,12,1,2
BRDA:10,13,0,2
BRDA:10,13,1,0
BRDA:10,13,2,2
BRDA:13,14,0,2
BRDA:13,14,1,0
BRDA:13,14,2,2
BRDA:14,15,0,0
BRDA:14,15,1,0
BRDA:17,16,0,0
BRDA:17,16,1,0
BRDA:18,17,0,0
BRDA:18,17,1,0
BRDA:59,18,0,2
BRDA:59,18,1,2
BRDA:59,18,2,0
BRDA:59,19,0,2
BRDA:59,19,1,2
BRF:46
BRH:20
end_of_record
TN:
SF:C:\Users\santiago\Documents\Semestre 8\Praxis-Homework\src\users\dto\create-user.dto.ts
FN:1,(anonymous_0)
FN:7,(anonymous_1)
FNF:2
FNH:2
FNDA:4,(anonymous_0)
FNDA:4,(anonymous_1)
DA:1,2
DA:2,4
DA:3,4
DA:4,0
DA:5,4
DA:7,2
DA:8,4
DA:13,2
DA:17,2
LF:9
LH:8
BRDA:1,0,0,2
BRDA:1,0,1,0
BRDA:1,0,2,2
BRDA:2,1,0,0
BRDA:2,1,1,4
BRDA:2,2,0,0
BRDA:2,2,1,4
BRDA:3,3,0,4
BRDA:3,3,1,0
BRDA:3,4,0,4
BRDA:3,4,1,4
BRDA:4,5,0,0
BRDA:4,5,1,0
BRDA:4,6,0,0
BRDA:4,6,1,0
BRDA:4,7,0,0
BRDA:4,7,1,0
BRDA:4,8,0,0
BRDA:4,8,1,0
BRDA:5,9,0,4
BRDA:5,9,1,4
BRDA:5,9,2,0
BRDA:7,10,0,2
BRDA:7,10,1,0
BRDA:7,10,2,2
BRDA:8,11,0,4
BRDA:8,11,1,0
BRDA:8,12,0,4
BRDA:8,12,1,4
BRF:29
BRH:14
end_of_record
